<?xml version="1.0" encoding="UTF-8"?>
<testsuite xmlns:xsi="http://www.w3.org/2001/XMLSchema-instance" xsi:noNamespaceSchemaLocation="https://maven.apache.org/surefire/maven-surefire-plugin/xsd/surefire-test-report-3.0.xsd" version="3.0" name="org.tkit.onecx.welcome.bff.rs.ImageRestControllerTest" time="84.043" tests="9" errors="0" skipped="0" failures="0">
  <properties>
    <property name="java.specification.version" value="21"/>
    <property name="sun.jnu.encoding" value="UTF-8"/>
    <property name="test.url" value="http://0.0.0.0:41831"/>
    <property name="java.class.path" value="/home/jorden/projects/portal/onecx-welcome-bff/target/test-classes:/home/jorden/projects/portal/onecx-welcome-bff/target/classes:/home/jorden/.m2/repository/io/quarkus/quarkus-resteasy-reactive/3.8.1/quarkus-resteasy-reactive-3.8.1.jar:/home/jorden/.m2/repository/io/quarkus/quarkus-resteasy-reactive-common/3.8.1/quarkus-resteasy-reactive-common-3.8.1.jar:/home/jorden/.m2/repository/io/quarkus/quarkus-mutiny/3.8.1/quarkus-mutiny-3.8.1.jar:/home/jorden/.m2/repository/io/quarkus/quarkus-smallrye-context-propagation/3.8.1/quarkus-smallrye-context-propagation-3.8.1.jar:/home/jorden/.m2/repository/io/smallrye/smallrye-context-propagation/2.1.0/smallrye-context-propagation-2.1.0.jar:/home/jorden/.m2/repository/io/smallrye/smallrye-context-propagation-api/2.1.0/smallrye-context-propagation-api-2.1.0.jar:/home/jorden/.m2/repository/io/smallrye/smallrye-context-propagation-storage/2.1.0/smallrye-context-propagation-storage-2.1.0.jar:/home/jorden/.m2/repository/io/smallrye/reactive/mutiny-smallrye-context-propagation/2.5.7/mutiny-smallrye-context-propagation-2.5.7.jar:/home/jorden/.m2/repository/io/quarkus/resteasy/reactive/resteasy-reactive-vertx/3.8.1/resteasy-reactive-vertx-3.8.1.jar:/home/jorden/.m2/repository/io/smallrye/reactive/smallrye-mutiny-vertx-core/3.9.0/smallrye-mutiny-vertx-core-3.9.0.jar:/home/jorden/.m2/repository/io/smallrye/reactive/smallrye-mutiny-vertx-runtime/3.9.0/smallrye-mutiny-vertx-runtime-3.9.0.jar:/home/jorden/.m2/repository/io/smallrye/reactive/vertx-mutiny-generator/3.9.0/vertx-mutiny-generator-3.9.0.jar:/home/jorden/.m2/repository/io/vertx/vertx-codegen/4.5.3/vertx-codegen-4.5.3.jar:/home/jorden/.m2/repository/io/quarkus/resteasy/reactive/resteasy-reactive/3.8.1/resteasy-reactive-3.8.1.jar:/home/jorden/.m2/repository/jakarta/enterprise/jakarta.enterprise.cdi-api/4.0.1/jakarta.enterprise.cdi-api-4.0.1.jar:/home/jorden/.m2/repository/jakarta/enterprise/jakarta.enterprise.lang-model/4.0.1/jakarta.enterprise.lang-model-4.0.1.jar:/home/jorden/.m2/repository/org/jboss/logging/commons-logging-jboss-logging/1.0.0.Final/commons-logging-jboss-logging-1.0.0.Final.jar:/home/jorden/.m2/repository/jakarta/xml/bind/jakarta.xml.bind-api/4.0.1/jakarta.xml.bind-api-4.0.1.jar:/home/jorden/.m2/repository/org/jboss/logging/jboss-logging/3.5.3.Final/jboss-logging-3.5.3.Final.jar:/home/jorden/.m2/repository/io/quarkus/quarkus-vertx-http/3.8.1/quarkus-vertx-http-3.8.1.jar:/home/jorden/.m2/repository/io/quarkus/quarkus-credentials/3.8.1/quarkus-credentials-3.8.1.jar:/home/jorden/.m2/repository/io/quarkus/security/quarkus-security/2.0.3.Final/quarkus-security-2.0.3.Final.jar:/home/jorden/.m2/repository/io/smallrye/reactive/smallrye-mutiny-vertx-web/3.9.0/smallrye-mutiny-vertx-web-3.9.0.jar:/home/jorden/.m2/repository/io/smallrye/reactive/smallrye-mutiny-vertx-web-common/3.9.0/smallrye-mutiny-vertx-web-common-3.9.0.jar:/home/jorden/.m2/repository/io/smallrye/reactive/smallrye-mutiny-vertx-auth-common/3.9.0/smallrye-mutiny-vertx-auth-common-3.9.0.jar:/home/jorden/.m2/repository/io/smallrye/reactive/smallrye-mutiny-vertx-bridge-common/3.9.0/smallrye-mutiny-vertx-bridge-common-3.9.0.jar:/home/jorden/.m2/repository/io/smallrye/reactive/smallrye-mutiny-vertx-uri-template/3.9.0/smallrye-mutiny-vertx-uri-template-3.9.0.jar:/home/jorden/.m2/repository/io/vertx/vertx-uri-template/4.5.3/vertx-uri-template-4.5.3.jar:/home/jorden/.m2/repository/io/github/crac/org-crac/0.1.3/org-crac-0.1.3.jar:/home/jorden/.m2/repository/io/quarkus/quarkus-jsonp/3.8.1/quarkus-jsonp-3.8.1.jar:/home/jorden/.m2/repository/org/eclipse/parsson/parsson/1.1.5/parsson-1.1.5.jar:/home/jorden/.m2/repository/io/quarkus/quarkus-virtual-threads/3.8.1/quarkus-virtual-threads-3.8.1.jar:/home/jorden/.m2/repository/io/vertx/vertx-core/4.5.3/vertx-core-4.5.3.jar:/home/jorden/.m2/repository/io/netty/netty-common/4.1.106.Final/netty-common-4.1.106.Final.jar:/home/jorden/.m2/repository/io/netty/netty-buffer/4.1.106.Final/netty-buffer-4.1.106.Final.jar:/home/jorden/.m2/repository/io/netty/netty-transport/4.1.106.Final/netty-transport-4.1.106.Final.jar:/home/jorden/.m2/repository/io/netty/netty-handler/4.1.106.Final/netty-handler-4.1.106.Final.jar:/home/jorden/.m2/repository/io/netty/netty-transport-native-unix-common/4.1.106.Final/netty-transport-native-unix-common-4.1.106.Final.jar:/home/jorden/.m2/repository/io/netty/netty-handler-proxy/4.1.106.Final/netty-handler-proxy-4.1.106.Final.jar:/home/jorden/.m2/repository/io/netty/netty-codec-http/4.1.106.Final/netty-codec-http-4.1.106.Final.jar:/home/jorden/.m2/repository/io/netty/netty-codec-http2/4.1.106.Final/netty-codec-http2-4.1.106.Final.jar:/home/jorden/.m2/repository/io/netty/netty-resolver/4.1.106.Final/netty-resolver-4.1.106.Final.jar:/home/jorden/.m2/repository/io/netty/netty-resolver-dns/4.1.106.Final/netty-resolver-dns-4.1.106.Final.jar:/home/jorden/.m2/repository/io/netty/netty-codec-dns/4.1.106.Final/netty-codec-dns-4.1.106.Final.jar:/home/jorden/.m2/repository/io/quarkus/quarkus-smallrye-openapi/3.8.1/quarkus-smallrye-openapi-3.8.1.jar:/home/jorden/.m2/repository/io/smallrye/smallrye-open-api-core/3.10.0/smallrye-open-api-core-3.10.0.jar:/home/jorden/.m2/repository/org/eclipse/microprofile/openapi/microprofile-openapi-api/3.1.1/microprofile-openapi-api-3.1.1.jar:/home/jorden/.m2/repository/org/eclipse/microprofile/config/microprofile-config-api/3.0.3/microprofile-config-api-3.0.3.jar:/home/jorden/.m2/repository/com/fasterxml/jackson/core/jackson-core/2.16.1/jackson-core-2.16.1.jar:/home/jorden/.m2/repository/com/fasterxml/jackson/core/jackson-databind/2.16.1/jackson-databind-2.16.1.jar:/home/jorden/.m2/repository/com/fasterxml/jackson/dataformat/jackson-dataformat-yaml/2.16.1/jackson-dataformat-yaml-2.16.1.jar:/home/jorden/.m2/repository/io/smallrye/jandex/3.1.6/jandex-3.1.6.jar:/home/jorden/.m2/repository/io/quarkus/quarkus-core/3.8.1/quarkus-core-3.8.1.jar:/home/jorden/.m2/repository/jakarta/inject/jakarta.inject-api/2.0.1/jakarta.inject-api-2.0.1.jar:/home/jorden/.m2/repository/io/smallrye/common/smallrye-common-os/2.1.2/smallrye-common-os-2.1.2.jar:/home/jorden/.m2/repository/io/quarkus/quarkus-ide-launcher/3.8.1/quarkus-ide-launcher-3.8.1.jar:/home/jorden/.m2/repository/io/quarkus/quarkus-development-mode-spi/3.8.1/quarkus-development-mode-spi-3.8.1.jar:/home/jorden/.m2/repository/io/smallrye/config/smallrye-config/3.5.4/smallrye-config-3.5.4.jar:/home/jorden/.m2/repository/io/smallrye/config/smallrye-config-core/3.5.4/smallrye-config-core-3.5.4.jar:/home/jorden/.m2/repository/io/smallrye/common/smallrye-common-classloader/2.1.2/smallrye-common-classloader-2.1.2.jar:/home/jorden/.m2/repository/io/smallrye/config/smallrye-config-common/3.5.4/smallrye-config-common-3.5.4.jar:/home/jorden/.m2/repository/org/jboss/logging/jboss-logging-annotations/2.2.1.Final/jboss-logging-annotations-2.2.1.Final.jar:/home/jorden/.m2/repository/org/jboss/threads/jboss-threads/3.5.1.Final/jboss-threads-3.5.1.Final.jar:/home/jorden/.m2/repository/org/slf4j/slf4j-api/2.0.6/slf4j-api-2.0.6.jar:/home/jorden/.m2/repository/org/jboss/slf4j/slf4j-jboss-logmanager/2.0.0.Final/slf4j-jboss-logmanager-2.0.0.Final.jar:/home/jorden/.m2/repository/org/wildfly/common/wildfly-common/1.7.0.Final/wildfly-common-1.7.0.Final.jar:/home/jorden/.m2/repository/io/quarkus/quarkus-bootstrap-runner/3.8.1/quarkus-bootstrap-runner-3.8.1.jar:/home/jorden/.m2/repository/io/quarkus/quarkus-fs-util/0.0.10/quarkus-fs-util-0.0.10.jar:/home/jorden/.m2/repository/io/quarkus/quarkus-swagger-ui/3.8.1/quarkus-swagger-ui-3.8.1.jar:/home/jorden/.m2/repository/io/quarkus/quarkus-resteasy-reactive-jackson/3.8.1/quarkus-resteasy-reactive-jackson-3.8.1.jar:/home/jorden/.m2/repository/io/quarkus/quarkus-resteasy-reactive-jackson-common/3.8.1/quarkus-resteasy-reactive-jackson-common-3.8.1.jar:/home/jorden/.m2/repository/io/quarkus/quarkus-jackson/3.8.1/quarkus-jackson-3.8.1.jar:/home/jorden/.m2/repository/com/fasterxml/jackson/datatype/jackson-datatype-jsr310/2.16.1/jackson-datatype-jsr310-2.16.1.jar:/home/jorden/.m2/repository/com/fasterxml/jackson/datatype/jackson-datatype-jdk8/2.16.1/jackson-datatype-jdk8-2.16.1.jar:/home/jorden/.m2/repository/com/fasterxml/jackson/module/jackson-module-parameter-names/2.16.1/jackson-module-parameter-names-2.16.1.jar:/home/jorden/.m2/repository/io/quarkus/quarkus-smallrye-health/3.8.1/quarkus-smallrye-health-3.8.1.jar:/home/jorden/.m2/repository/io/smallrye/smallrye-health/4.1.0/smallrye-health-4.1.0.jar:/home/jorden/.m2/repository/org/eclipse/microprofile/health/microprofile-health-api/4.0.1/microprofile-health-api-4.0.1.jar:/home/jorden/.m2/repository/io/smallrye/smallrye-health-api/4.1.0/smallrye-health-api-4.1.0.jar:/home/jorden/.m2/repository/jakarta/json/jakarta.json-api/2.1.3/jakarta.json-api-2.1.3.jar:/home/jorden/.m2/repository/io/smallrye/smallrye-health-provided-checks/4.1.0/smallrye-health-provided-checks-4.1.0.jar:/home/jorden/.m2/repository/io/quarkus/quarkus-opentelemetry/3.8.1/quarkus-opentelemetry-3.8.1.jar:/home/jorden/.m2/repository/io/quarkus/quarkus-vertx/3.8.1/quarkus-vertx-3.8.1.jar:/home/jorden/.m2/repository/io/quarkus/quarkus-netty/3.8.1/quarkus-netty-3.8.1.jar:/home/jorden/.m2/repository/io/netty/netty-codec/4.1.106.Final/netty-codec-4.1.106.Final.jar:/home/jorden/.m2/repository/com/aayushatharva/brotli4j/brotli4j/1.14.0/brotli4j-1.14.0.jar:/home/jorden/.m2/repository/com/aayushatharva/brotli4j/service/1.14.0/service-1.14.0.jar:/home/jorden/.m2/repository/com/aayushatharva/brotli4j/native-linux-x86_64/1.14.0/native-linux-x86_64-1.14.0.jar:/home/jorden/.m2/repository/io/netty/netty-codec-haproxy/4.1.106.Final/netty-codec-haproxy-4.1.106.Final.jar:/home/jorden/.m2/repository/io/smallrye/common/smallrye-common-annotation/2.1.2/smallrye-common-annotation-2.1.2.jar:/home/jorden/.m2/repository/io/quarkus/quarkus-vertx-latebound-mdc-provider/3.8.1/quarkus-vertx-latebound-mdc-provider-3.8.1.jar:/home/jorden/.m2/repository/io/smallrye/smallrye-fault-tolerance-vertx/6.2.6/smallrye-fault-tolerance-vertx-6.2.6.jar:/home/jorden/.m2/repository/io/quarkus/quarkus-grpc-common/3.8.1/quarkus-grpc-common-3.8.1.jar:/home/jorden/.m2/repository/com/google/code/findbugs/jsr305/3.0.2/jsr305-3.0.2.jar:/home/jorden/.m2/repository/io/vertx/vertx-grpc/4.5.3/vertx-grpc-4.5.3.jar:/home/jorden/.m2/repository/io/grpc/grpc-netty/1.59.1/grpc-netty-1.59.1.jar:/home/jorden/.m2/repository/io/grpc/grpc-core/1.59.1/grpc-core-1.59.1.jar:/home/jorden/.m2/repository/com/google/code/gson/gson/2.10.1/gson-2.10.1.jar:/home/jorden/.m2/repository/io/grpc/grpc-context/1.59.1/grpc-context-1.59.1.jar:/home/jorden/.m2/repository/io/grpc/grpc-util/1.59.1/grpc-util-1.59.1.jar:/home/jorden/.m2/repository/io/perfmark/perfmark-api/0.26.0/perfmark-api-0.26.0.jar:/home/jorden/.m2/repository/io/grpc/grpc-protobuf/1.59.1/grpc-protobuf-1.59.1.jar:/home/jorden/.m2/repository/com/google/protobuf/protobuf-java/3.25.0/protobuf-java-3.25.0.jar:/home/jorden/.m2/repository/com/google/api/grpc/proto-google-common-protos/2.28.0/proto-google-common-protos-2.28.0.jar:/home/jorden/.m2/repository/io/grpc/grpc-protobuf-lite/1.59.1/grpc-protobuf-lite-1.59.1.jar:/home/jorden/.m2/repository/io/vertx/vertx-grpc-server/4.5.3/vertx-grpc-server-4.5.3.jar:/home/jorden/.m2/repository/io/smallrye/common/smallrye-common-vertx-context/2.1.2/smallrye-common-vertx-context-2.1.2.jar:/home/jorden/.m2/repository/io/smallrye/common/smallrye-common-constraint/2.1.2/smallrye-common-constraint-2.1.2.jar:/home/jorden/.m2/repository/io/opentelemetry/opentelemetry-sdk-extension-autoconfigure/1.32.0/opentelemetry-sdk-extension-autoconfigure-1.32.0.jar:/home/jorden/.m2/repository/io/opentelemetry/opentelemetry-sdk/1.32.0/opentelemetry-sdk-1.32.0.jar:/home/jorden/.m2/repository/io/opentelemetry/opentelemetry-api/1.32.0/opentelemetry-api-1.32.0.jar:/home/jorden/.m2/repository/io/opentelemetry/opentelemetry-context/1.32.0/opentelemetry-context-1.32.0.jar:/home/jorden/.m2/repository/io/opentelemetry/opentelemetry-sdk-common/1.32.0/opentelemetry-sdk-common-1.32.0.jar:/home/jorden/.m2/repository/io/opentelemetry/opentelemetry-sdk-trace/1.32.0/opentelemetry-sdk-trace-1.32.0.jar:/home/jorden/.m2/repository/io/opentelemetry/opentelemetry-sdk-metrics/1.32.0/opentelemetry-sdk-metrics-1.32.0.jar:/home/jorden/.m2/repository/io/opentelemetry/opentelemetry-sdk-logs/1.32.0/opentelemetry-sdk-logs-1.32.0.jar:/home/jorden/.m2/repository/io/opentelemetry/opentelemetry-extension-annotations/1.18.0/opentelemetry-extension-annotations-1.18.0.jar:/home/jorden/.m2/repository/io/opentelemetry/opentelemetry-sdk-extension-autoconfigure-spi/1.32.0/opentelemetry-sdk-extension-autoconfigure-spi-1.32.0.jar:/home/jorden/.m2/repository/io/opentelemetry/semconv/opentelemetry-semconv/1.21.0-alpha/opentelemetry-semconv-1.21.0-alpha.jar:/home/jorden/.m2/repository/io/opentelemetry/opentelemetry-api-events/1.32.0-alpha/opentelemetry-api-events-1.32.0-alpha.jar:/home/jorden/.m2/repository/io/opentelemetry/instrumentation/opentelemetry-instrumentation-api/1.32.0/opentelemetry-instrumentation-api-1.32.0.jar:/home/jorden/.m2/repository/io/opentelemetry/opentelemetry-extension-incubator/1.32.0-alpha/opentelemetry-extension-incubator-1.32.0-alpha.jar:/home/jorden/.m2/repository/io/opentelemetry/instrumentation/opentelemetry-instrumentation-annotations/1.32.0/opentelemetry-instrumentation-annotations-1.32.0.jar:/home/jorden/.m2/repository/io/opentelemetry/instrumentation/opentelemetry-instrumentation-annotations-support/1.32.0-alpha/opentelemetry-instrumentation-annotations-support-1.32.0-alpha.jar:/home/jorden/.m2/repository/io/opentelemetry/instrumentation/opentelemetry-instrumentation-api-semconv/1.32.0-alpha/opentelemetry-instrumentation-api-semconv-1.32.0-alpha.jar:/home/jorden/.m2/repository/io/opentelemetry/opentelemetry-exporter-otlp-common/1.32.0/opentelemetry-exporter-otlp-common-1.32.0.jar:/home/jorden/.m2/repository/io/opentelemetry/opentelemetry-exporter-common/1.32.0/opentelemetry-exporter-common-1.32.0.jar:/home/jorden/.m2/repository/io/opentelemetry/opentelemetry-exporter-otlp/1.32.0/opentelemetry-exporter-otlp-1.32.0.jar:/home/jorden/.m2/repository/io/opentelemetry/opentelemetry-exporter-sender-okhttp/1.32.0/opentelemetry-exporter-sender-okhttp-1.32.0.jar:/home/jorden/.m2/repository/io/vertx/vertx-grpc-client/4.5.3/vertx-grpc-client-4.5.3.jar:/home/jorden/.m2/repository/io/vertx/vertx-grpc-common/4.5.3/vertx-grpc-common-4.5.3.jar:/home/jorden/.m2/repository/io/grpc/grpc-stub/1.59.1/grpc-stub-1.59.1.jar:/home/jorden/.m2/repository/io/grpc/grpc-api/1.59.1/grpc-api-1.59.1.jar:/home/jorden/.m2/repository/io/quarkus/quarkus-micrometer-registry-prometheus/3.8.1/quarkus-micrometer-registry-prometheus-3.8.1.jar:/home/jorden/.m2/repository/io/quarkus/quarkus-micrometer/3.8.1/quarkus-micrometer-3.8.1.jar:/home/jorden/.m2/repository/io/micrometer/micrometer-core/1.12.2/micrometer-core-1.12.2.jar:/home/jorden/.m2/repository/io/micrometer/micrometer-commons/1.12.2/micrometer-commons-1.12.2.jar:/home/jorden/.m2/repository/io/micrometer/micrometer-observation/1.12.2/micrometer-observation-1.12.2.jar:/home/jorden/.m2/repository/org/hdrhistogram/HdrHistogram/2.1.12/HdrHistogram-2.1.12.jar:/home/jorden/.m2/repository/org/latencyutils/LatencyUtils/2.0.3/LatencyUtils-2.0.3.jar:/home/jorden/.m2/repository/io/micrometer/micrometer-registry-prometheus/1.12.2/micrometer-registry-prometheus-1.12.2.jar:/home/jorden/.m2/repository/io/prometheus/simpleclient_common/0.16.0/simpleclient_common-0.16.0.jar:/home/jorden/.m2/repository/io/prometheus/simpleclient/0.16.0/simpleclient-0.16.0.jar:/home/jorden/.m2/repository/io/prometheus/simpleclient_tracer_otel/0.16.0/simpleclient_tracer_otel-0.16.0.jar:/home/jorden/.m2/repository/io/prometheus/simpleclient_tracer_common/0.16.0/simpleclient_tracer_common-0.16.0.jar:/home/jorden/.m2/repository/io/prometheus/simpleclient_tracer_otel_agent/0.16.0/simpleclient_tracer_otel_agent-0.16.0.jar:/home/jorden/.m2/repository/io/quarkiverse/openapi/generator/quarkus-openapi-generator/2.4.0/quarkus-openapi-generator-2.4.0.jar:/home/jorden/.m2/repository/io/quarkus/quarkus-qute/3.8.1/quarkus-qute-3.8.1.jar:/home/jorden/.m2/repository/io/quarkus/qute/qute-core/3.8.1/qute-core-3.8.1.jar:/home/jorden/.m2/repository/io/quarkus/quarkus-rest-client-reactive-jackson/3.8.1/quarkus-rest-client-reactive-jackson-3.8.1.jar:/home/jorden/.m2/repository/io/quarkus/resteasy/reactive/resteasy-reactive-jackson/3.8.1/resteasy-reactive-jackson-3.8.1.jar:/home/jorden/.m2/repository/io/quarkus/quarkus-rest-client-reactive/3.8.1/quarkus-rest-client-reactive-3.8.1.jar:/home/jorden/.m2/repository/io/quarkus/quarkus-jaxrs-client-reactive/3.8.1/quarkus-jaxrs-client-reactive-3.8.1.jar:/home/jorden/.m2/repository/io/quarkus/resteasy/reactive/resteasy-reactive-client/3.8.1/resteasy-reactive-client-3.8.1.jar:/home/jorden/.m2/repository/io/quarkus/quarkus-smallrye-stork/3.8.1/quarkus-smallrye-stork-3.8.1.jar:/home/jorden/.m2/repository/io/quarkus/quarkus-rest-client-config/3.8.1/quarkus-rest-client-config-3.8.1.jar:/home/jorden/.m2/repository/io/smallrye/stork/stork-api/2.5.0/stork-api-2.5.0.jar:/home/jorden/.m2/repository/io/smallrye/stork/stork-core/2.5.0/stork-core-2.5.0.jar:/home/jorden/.m2/repository/org/eclipse/microprofile/rest/client/microprofile-rest-client-api/3.0.1/microprofile-rest-client-api-3.0.1.jar:/home/jorden/.m2/repository/org/tkit/quarkus/lib/tkit-quarkus-log-cdi/2.16.0/tkit-quarkus-log-cdi-2.16.0.jar:/home/jorden/.m2/repository/org/tkit/quarkus/lib/tkit-quarkus-context/2.16.0/tkit-quarkus-context-2.16.0.jar:/home/jorden/.m2/repository/org/eclipse/microprofile/jwt/microprofile-jwt-auth-api/2.1/microprofile-jwt-auth-api-2.1.jar:/home/jorden/.m2/repository/org/tkit/quarkus/lib/tkit-quarkus-log-rs/2.16.0/tkit-quarkus-log-rs-2.16.0.jar:/home/jorden/.m2/repository/jakarta/ws/rs/jakarta.ws.rs-api/3.1.0/jakarta.ws.rs-api-3.1.0.jar:/home/jorden/.m2/repository/org/tkit/quarkus/lib/tkit-quarkus-log-json/2.16.0/tkit-quarkus-log-json-2.16.0.jar:/home/jorden/.m2/repository/org/jboss/logmanager/jboss-logmanager/3.0.4.Final/jboss-logmanager-3.0.4.Final.jar:/home/jorden/.m2/repository/io/smallrye/common/smallrye-common-cpu/2.1.2/smallrye-common-cpu-2.1.2.jar:/home/jorden/.m2/repository/io/smallrye/common/smallrye-common-expression/2.1.2/smallrye-common-expression-2.1.2.jar:/home/jorden/.m2/repository/io/smallrye/common/smallrye-common-function/2.1.2/smallrye-common-function-2.1.2.jar:/home/jorden/.m2/repository/io/smallrye/common/smallrye-common-net/2.1.2/smallrye-common-net-2.1.2.jar:/home/jorden/.m2/repository/io/smallrye/common/smallrye-common-ref/2.1.2/smallrye-common-ref-2.1.2.jar:/home/jorden/.m2/repository/org/tkit/quarkus/lib/tkit-quarkus-rest/2.16.0/tkit-quarkus-rest-2.16.0.jar:/home/jorden/.m2/repository/org/tkit/quarkus/lib/tkit-quarkus-rest-context/2.16.0/tkit-quarkus-rest-context-2.16.0.jar:/home/jorden/.m2/repository/io/quarkus/quarkus-smallrye-jwt/3.8.1/quarkus-smallrye-jwt-3.8.1.jar:/home/jorden/.m2/repository/io/quarkus/quarkus-smallrye-jwt-build/3.8.1/quarkus-smallrye-jwt-build-3.8.1.jar:/home/jorden/.m2/repository/io/smallrye/smallrye-jwt-build/4.4.0/smallrye-jwt-build-4.4.0.jar:/home/jorden/.m2/repository/org/tkit/quarkus/lib/tkit-quarkus-jpa/2.16.0/tkit-quarkus-jpa-2.16.0.jar:/home/jorden/.m2/repository/io/quarkus/quarkus-hibernate-orm/3.8.1/quarkus-hibernate-orm-3.8.1.jar:/home/jorden/.m2/repository/io/quarkus/quarkus-agroal/3.8.1/quarkus-agroal-3.8.1.jar:/home/jorden/.m2/repository/io/quarkus/quarkus-datasource/3.8.1/quarkus-datasource-3.8.1.jar:/home/jorden/.m2/repository/io/agroal/agroal-api/2.1/agroal-api-2.1.jar:/home/jorden/.m2/repository/io/agroal/agroal-narayana/2.1/agroal-narayana-2.1.jar:/home/jorden/.m2/repository/org/jboss/jboss-transaction-spi/8.0.0.Final/jboss-transaction-spi-8.0.0.Final.jar:/home/jorden/.m2/repository/io/agroal/agroal-pool/2.1/agroal-pool-2.1.jar:/home/jorden/.m2/repository/io/quarkus/quarkus-narayana-jta/3.8.1/quarkus-narayana-jta-3.8.1.jar:/home/jorden/.m2/repository/io/quarkus/quarkus-transaction-annotations/3.8.1/quarkus-transaction-annotations-3.8.1.jar:/home/jorden/.m2/repository/io/quarkus/quarkus-datasource-common/3.8.1/quarkus-datasource-common-3.8.1.jar:/home/jorden/.m2/repository/io/smallrye/smallrye-context-propagation-jta/2.1.0/smallrye-context-propagation-jta-2.1.0.jar:/home/jorden/.m2/repository/io/smallrye/reactive/smallrye-reactive-converter-api/3.0.1/smallrye-reactive-converter-api-3.0.1.jar:/home/jorden/.m2/repository/io/smallrye/reactive/smallrye-reactive-converter-mutiny/3.0.1/smallrye-reactive-converter-mutiny-3.0.1.jar:/home/jorden/.m2/repository/org/jboss/narayana/jta/narayana-jta/7.0.0.Final/narayana-jta-7.0.0.Final.jar:/home/jorden/.m2/repository/jakarta/resource/jakarta.resource-api/2.1.0/jakarta.resource-api-2.1.0.jar:/home/jorden/.m2/repository/org/jboss/invocation/jboss-invocation/2.0.0.Final/jboss-invocation-2.0.0.Final.jar:/home/jorden/.m2/repository/org/eclipse/microprofile/reactive-streams-operators/microprofile-reactive-streams-operators-api/3.0/microprofile-reactive-streams-operators-api-3.0.jar:/home/jorden/.m2/repository/org/jboss/narayana/jts/narayana-jts-integration/7.0.0.Final/narayana-jts-integration-7.0.0.Final.jar:/home/jorden/.m2/repository/org/hibernate/orm/hibernate-core/6.4.4.Final/hibernate-core-6.4.4.Final.jar:/home/jorden/.m2/repository/org/antlr/antlr4-runtime/4.13.0/antlr4-runtime-4.13.0.jar:/home/jorden/.m2/repository/org/hibernate/common/hibernate-commons-annotations/6.0.6.Final/hibernate-commons-annotations-6.0.6.Final.jar:/home/jorden/.m2/repository/org/hibernate/orm/hibernate-graalvm/6.4.4.Final/hibernate-graalvm-6.4.4.Final.jar:/home/jorden/.m2/repository/org/glassfish/jaxb/jaxb-runtime/4.0.4/jaxb-runtime-4.0.4.jar:/home/jorden/.m2/repository/org/glassfish/jaxb/jaxb-core/4.0.4/jaxb-core-4.0.4.jar:/home/jorden/.m2/repository/org/glassfish/jaxb/txw2/4.0.4/txw2-4.0.4.jar:/home/jorden/.m2/repository/com/sun/istack/istack-commons-runtime/4.1.2/istack-commons-runtime-4.1.2.jar:/home/jorden/.m2/repository/jakarta/persistence/jakarta.persistence-api/3.1.0/jakarta.persistence-api-3.1.0.jar:/home/jorden/.m2/repository/jakarta/transaction/jakarta.transaction-api/2.0.1/jakarta.transaction-api-2.0.1.jar:/home/jorden/.m2/repository/org/hibernate/quarkus-local-cache/0.3.0/quarkus-local-cache-0.3.0.jar:/home/jorden/.m2/repository/io/quarkus/quarkus-caffeine/3.8.1/quarkus-caffeine-3.8.1.jar:/home/jorden/.m2/repository/com/github/ben-manes/caffeine/caffeine/3.1.5/caffeine-3.1.5.jar:/home/jorden/.m2/repository/org/tkit/quarkus/lib/tkit-quarkus-jpa-models/2.16.0/tkit-quarkus-jpa-models-2.16.0.jar:/home/jorden/.m2/repository/org/mapstruct/mapstruct/1.5.5.Final/mapstruct-1.5.5.Final.jar:/home/jorden/.m2/repository/io/quarkus/quarkus-hibernate-validator/3.8.1/quarkus-hibernate-validator-3.8.1.jar:/home/jorden/.m2/repository/org/hibernate/validator/hibernate-validator/8.0.1.Final/hibernate-validator-8.0.1.Final.jar:/home/jorden/.m2/repository/jakarta/validation/jakarta.validation-api/3.0.2/jakarta.validation-api-3.0.2.jar:/home/jorden/.m2/repository/com/fasterxml/classmate/1.6.0/classmate-1.6.0.jar:/home/jorden/.m2/repository/org/glassfish/expressly/expressly/5.0.0/expressly-5.0.0.jar:/home/jorden/.m2/repository/jakarta/el/jakarta.el-api/5.0.1/jakarta.el-api-5.0.1.jar:/home/jorden/.m2/repository/io/smallrye/config/smallrye-config-validator/3.5.4/smallrye-config-validator-3.5.4.jar:/home/jorden/.m2/repository/org/tkit/onecx/quarkus/onecx-permissions/0.13.0/onecx-permissions-0.13.0.jar:/home/jorden/.m2/repository/org/tkit/onecx/quarkus/onecx-permissions-client/0.13.0/onecx-permissions-client-0.13.0.jar:/home/jorden/.m2/repository/io/quarkus/quarkus-cache/3.8.1/quarkus-cache-3.8.1.jar:/home/jorden/.m2/repository/io/quarkus/quarkus-cache-runtime-spi/3.8.1/quarkus-cache-runtime-spi-3.8.1.jar:/home/jorden/.m2/repository/org/tkit/onecx/quarkus/onecx-security/0.13.0/onecx-security-0.13.0.jar:/home/jorden/.m2/repository/io/vertx/vertx-web/4.5.3/vertx-web-4.5.3.jar:/home/jorden/.m2/repository/io/vertx/vertx-web-common/4.5.3/vertx-web-common-4.5.3.jar:/home/jorden/.m2/repository/io/vertx/vertx-auth-common/4.5.3/vertx-auth-common-4.5.3.jar:/home/jorden/.m2/repository/io/vertx/vertx-bridge-common/4.5.3/vertx-bridge-common-4.5.3.jar:/home/jorden/.m2/repository/io/quarkus/quarkus-oidc/3.8.1/quarkus-oidc-3.8.1.jar:/home/jorden/.m2/repository/io/quarkus/quarkus-security/3.8.1/quarkus-security-3.8.1.jar:/home/jorden/.m2/repository/jakarta/interceptor/jakarta.interceptor-api/2.1.0/jakarta.interceptor-api-2.1.0.jar:/home/jorden/.m2/repository/io/quarkus/quarkus-oidc-common/3.8.1/quarkus-oidc-common-3.8.1.jar:/home/jorden/.m2/repository/io/smallrye/reactive/smallrye-mutiny-vertx-web-client/3.9.0/smallrye-mutiny-vertx-web-client-3.9.0.jar:/home/jorden/.m2/repository/io/vertx/vertx-web-client/4.5.3/vertx-web-client-4.5.3.jar:/home/jorden/.m2/repository/io/smallrye/smallrye-jwt/4.4.0/smallrye-jwt-4.4.0.jar:/home/jorden/.m2/repository/org/bitbucket/b_c/jose4j/0.9.3/jose4j-0.9.3.jar:/home/jorden/.m2/repository/io/smallrye/smallrye-jwt-common/4.4.0/smallrye-jwt-common-4.4.0.jar:/home/jorden/.m2/repository/jakarta/annotation/jakarta.annotation-api/2.1.1/jakarta.annotation-api-2.1.1.jar:/home/jorden/.m2/repository/io/quarkus/quarkus-oidc-client-reactive-filter/3.8.1/quarkus-oidc-client-reactive-filter-3.8.1.jar:/home/jorden/.m2/repository/io/quarkus/quarkus-oidc-client/3.8.1/quarkus-oidc-client-3.8.1.jar:/home/jorden/.m2/repository/org/tkit/quarkus/lib/tkit-quarkus-security/2.16.0/tkit-quarkus-security-2.16.0.jar:/home/jorden/.m2/repository/io/quarkus/quarkus-security-runtime-spi/3.8.1/quarkus-security-runtime-spi-3.8.1.jar:/home/jorden/.m2/repository/io/quarkiverse/mockserver/quarkus-mockserver/1.4.0/quarkus-mockserver-1.4.0.jar:/home/jorden/.m2/repository/io/quarkiverse/mockserver/quarkus-mockserver-test/1.4.0/quarkus-mockserver-test-1.4.0.jar:/home/jorden/.m2/repository/io/quarkus/quarkus-test-common/3.8.1/quarkus-test-common-3.8.1.jar:/home/jorden/.m2/repository/io/quarkus/quarkus-core-deployment/3.8.1/quarkus-core-deployment-3.8.1.jar:/home/jorden/.m2/repository/org/aesh/readline/2.4/readline-2.4.jar:/home/jorden/.m2/repository/org/fusesource/jansi/jansi/2.4.0/jansi-2.4.0.jar:/home/jorden/.m2/repository/org/aesh/aesh/2.7/aesh-2.7.jar:/home/jorden/.m2/repository/io/quarkus/gizmo/gizmo/1.7.0/gizmo-1.7.0.jar:/home/jorden/.m2/repository/org/ow2/asm/asm-util/9.6/asm-util-9.6.jar:/home/jorden/.m2/repository/org/ow2/asm/asm-analysis/9.6/asm-analysis-9.6.jar:/home/jorden/.m2/repository/io/quarkus/quarkus-class-change-agent/3.8.1/quarkus-class-change-agent-3.8.1.jar:/home/jorden/.m2/repository/io/quarkus/quarkus-devtools-utilities/3.8.1/quarkus-devtools-utilities-3.8.1.jar:/home/jorden/.m2/repository/io/quarkus/quarkus-builder/3.8.1/quarkus-builder-3.8.1.jar:/home/jorden/.m2/repository/org/graalvm/sdk/graal-sdk/23.0.1/graal-sdk-23.0.1.jar:/home/jorden/.m2/repository/org/junit/platform/junit-platform-launcher/1.10.1/junit-platform-launcher-1.10.1.jar:/home/jorden/.m2/repository/io/quarkus/quarkus-bootstrap-maven-resolver/3.8.1/quarkus-bootstrap-maven-resolver-3.8.1.jar:/home/jorden/.m2/repository/io/smallrye/beanbag/smallrye-beanbag-maven/1.4.0/smallrye-beanbag-maven-1.4.0.jar:/home/jorden/.m2/repository/io/smallrye/beanbag/smallrye-beanbag-sisu/1.4.0/smallrye-beanbag-sisu-1.4.0.jar:/home/jorden/.m2/repository/io/smallrye/beanbag/smallrye-beanbag/1.4.0/smallrye-beanbag-1.4.0.jar:/home/jorden/.m2/repository/javax/inject/javax.inject/1/javax.inject-1.jar:/home/jorden/.m2/repository/org/apache/maven/maven-artifact/3.9.6/maven-artifact-3.9.6.jar:/home/jorden/.m2/repository/org/apache/maven/maven-builder-support/3.9.6/maven-builder-support-3.9.6.jar:/home/jorden/.m2/repository/org/apache/maven/maven-model/3.9.6/maven-model-3.9.6.jar:/home/jorden/.m2/repository/org/apache/maven/maven-model-builder/3.9.6/maven-model-builder-3.9.6.jar:/home/jorden/.m2/repository/org/apache/maven/maven-repository-metadata/3.9.6/maven-repository-metadata-3.9.6.jar:/home/jorden/.m2/repository/org/apache/maven/maven-settings/3.9.6/maven-settings-3.9.6.jar:/home/jorden/.m2/repository/org/apache/maven/resolver/maven-resolver-api/1.9.18/maven-resolver-api-1.9.18.jar:/home/jorden/.m2/repository/org/apache/maven/resolver/maven-resolver-impl/1.9.18/maven-resolver-impl-1.9.18.jar:/home/jorden/.m2/repository/org/apache/maven/resolver/maven-resolver-named-locks/1.9.18/maven-resolver-named-locks-1.9.18.jar:/home/jorden/.m2/repository/org/apache/maven/resolver/maven-resolver-spi/1.9.18/maven-resolver-spi-1.9.18.jar:/home/jorden/.m2/repository/org/apache/maven/resolver/maven-resolver-util/1.9.18/maven-resolver-util-1.9.18.jar:/home/jorden/.m2/repository/org/apache/maven/resolver/maven-resolver-transport-http/1.9.18/maven-resolver-transport-http-1.9.18.jar:/home/jorden/.m2/repository/org/apache/maven/wagon/wagon-provider-api/3.5.3/wagon-provider-api-3.5.3.jar:/home/jorden/.m2/repository/org/apache/maven/wagon/wagon-http-shared/3.5.3/wagon-http-shared-3.5.3.jar:/home/jorden/.m2/repository/org/codehaus/plexus/plexus-interpolation/1.26/plexus-interpolation-1.26.jar:/home/jorden/.m2/repository/org/codehaus/plexus/plexus-utils/3.5.1/plexus-utils-3.5.1.jar:/home/jorden/.m2/repository/org/codehaus/plexus/plexus-xml/4.0.0/plexus-xml-4.0.0.jar:/home/jorden/.m2/repository/org/apache/maven/maven-xml-impl/4.0.0-alpha-5/maven-xml-impl-4.0.0-alpha-5.jar:/home/jorden/.m2/repository/org/apache/maven/maven-api-xml/4.0.0-alpha-5/maven-api-xml-4.0.0-alpha-5.jar:/home/jorden/.m2/repository/org/apache/maven/maven-api-meta/4.0.0-alpha-5/maven-api-meta-4.0.0-alpha-5.jar:/home/jorden/.m2/repository/org/codehaus/plexus/plexus-cipher/2.0/plexus-cipher-2.0.jar:/home/jorden/.m2/repository/org/codehaus/plexus/plexus-sec-dispatcher/2.0/plexus-sec-dispatcher-2.0.jar:/home/jorden/.m2/repository/org/apache/maven/maven-embedder/3.9.6/maven-embedder-3.9.6.jar:/home/jorden/.m2/repository/org/apache/maven/maven-core/3.9.6/maven-core-3.9.6.jar:/home/jorden/.m2/repository/org/codehaus/plexus/plexus-component-annotations/2.1.0/plexus-component-annotations-2.1.0.jar:/home/jorden/.m2/repository/org/apache/maven/maven-plugin-api/3.9.6/maven-plugin-api-3.9.6.jar:/home/jorden/.m2/repository/org/apache/maven/shared/maven-shared-utils/3.3.4/maven-shared-utils-3.3.4.jar:/home/jorden/.m2/repository/com/google/inject/guice/5.1.0/guice-5.1.0.jar:/home/jorden/.m2/repository/aopalliance/aopalliance/1.0/aopalliance-1.0.jar:/home/jorden/.m2/repository/javax/annotation/javax.annotation-api/1.3.2/javax.annotation-api-1.3.2.jar:/home/jorden/.m2/repository/org/codehaus/plexus/plexus-classworlds/2.6.0/plexus-classworlds-2.6.0.jar:/home/jorden/.m2/repository/commons-cli/commons-cli/1.5.0/commons-cli-1.5.0.jar:/home/jorden/.m2/repository/org/eclipse/sisu/org.eclipse.sisu.plexus/0.9.0.M2/org.eclipse.sisu.plexus-0.9.0.M2.jar:/home/jorden/.m2/repository/org/apache/maven/maven-settings-builder/3.9.6/maven-settings-builder-3.9.6.jar:/home/jorden/.m2/repository/org/apache/maven/maven-resolver-provider/3.9.6/maven-resolver-provider-3.9.6.jar:/home/jorden/.m2/repository/org/apache/maven/resolver/maven-resolver-connector-basic/1.9.18/maven-resolver-connector-basic-1.9.18.jar:/home/jorden/.m2/repository/org/apache/maven/resolver/maven-resolver-transport-wagon/1.9.18/maven-resolver-transport-wagon-1.9.18.jar:/home/jorden/.m2/repository/org/apache/maven/wagon/wagon-http/3.5.3/wagon-http-3.5.3.jar:/home/jorden/.m2/repository/org/apache/maven/wagon/wagon-file/3.5.3/wagon-file-3.5.3.jar:/home/jorden/.m2/repository/io/quarkus/quarkus-bootstrap-gradle-resolver/3.8.1/quarkus-bootstrap-gradle-resolver-3.8.1.jar:/home/jorden/.m2/repository/org/mock-server/mockserver-client-java/5.15.0/mockserver-client-java-5.15.0.jar:/home/jorden/.m2/repository/org/mock-server/mockserver-core/5.15.0/mockserver-core-5.15.0.jar:/home/jorden/.m2/repository/com/lmax/disruptor/3.4.4/disruptor-3.4.4.jar:/home/jorden/.m2/repository/javax/servlet/javax.servlet-api/4.0.1/javax.servlet-api-4.0.1.jar:/home/jorden/.m2/repository/io/netty/netty-codec-socks/4.1.106.Final/netty-codec-socks-4.1.106.Final.jar:/home/jorden/.m2/repository/io/netty/netty-tcnative-boringssl-static/2.0.61.Final/netty-tcnative-boringssl-static-2.0.61.Final.jar:/home/jorden/.m2/repository/io/netty/netty-tcnative-classes/2.0.61.Final/netty-tcnative-classes-2.0.61.Final.jar:/home/jorden/.m2/repository/io/netty/netty-tcnative-boringssl-static/2.0.61.Final/netty-tcnative-boringssl-static-2.0.61.Final-linux-x86_64.jar:/home/jorden/.m2/repository/io/netty/netty-tcnative-boringssl-static/2.0.61.Final/netty-tcnative-boringssl-static-2.0.61.Final-linux-aarch_64.jar:/home/jorden/.m2/repository/io/netty/netty-tcnative-boringssl-static/2.0.61.Final/netty-tcnative-boringssl-static-2.0.61.Final-osx-x86_64.jar:/home/jorden/.m2/repository/io/netty/netty-tcnative-boringssl-static/2.0.61.Final/netty-tcnative-boringssl-static-2.0.61.Final-osx-aarch_64.jar:/home/jorden/.m2/repository/io/netty/netty-tcnative-boringssl-static/2.0.61.Final/netty-tcnative-boringssl-static-2.0.61.Final-windows-x86_64.jar:/home/jorden/.m2/repository/com/jcraft/jzlib/1.1.3/jzlib-1.1.3.jar:/home/jorden/.m2/repository/com/fasterxml/uuid/java-uuid-generator/4.1.0/java-uuid-generator-4.1.0.jar:/home/jorden/.m2/repository/org/bouncycastle/bcprov-jdk18on/1.77/bcprov-jdk18on-1.77.jar:/home/jorden/.m2/repository/org/bouncycastle/bcpkix-jdk18on/1.77/bcpkix-jdk18on-1.77.jar:/home/jorden/.m2/repository/org/bouncycastle/bcutil-jdk18on/1.77/bcutil-jdk18on-1.77.jar:/home/jorden/.m2/repository/com/nimbusds/nimbus-jose-jwt/9.37.3/nimbus-jose-jwt-9.37.3.jar:/home/jorden/.m2/repository/com/github/stephenc/jcip/jcip-annotations/1.0-1/jcip-annotations-1.0-1.jar:/home/jorden/.m2/repository/org/apache/velocity/velocity-engine-scripting/2.3/velocity-engine-scripting-2.3.jar:/home/jorden/.m2/repository/org/apache/velocity/velocity-engine-core/2.3/velocity-engine-core-2.3.jar:/home/jorden/.m2/repository/org/apache/velocity/tools/velocity-tools-generic/3.1/velocity-tools-generic-3.1.jar:/home/jorden/.m2/repository/commons-beanutils/commons-beanutils/1.9.4/commons-beanutils-1.9.4.jar:/home/jorden/.m2/repository/commons-logging/commons-logging/1.2/commons-logging-1.2.jar:/home/jorden/.m2/repository/commons-collections/commons-collections/3.2.2/commons-collections-3.2.2.jar:/home/jorden/.m2/repository/org/apache/commons/commons-digester3/3.2/commons-digester3-3.2.jar:/home/jorden/.m2/repository/com/github/cliftonlabs/json-simple/3.0.2/json-simple-3.0.2.jar:/home/jorden/.m2/repository/com/samskivert/jmustache/1.15/jmustache-1.15.jar:/home/jorden/.m2/repository/net/javacrumbs/json-unit/json-unit-core/2.36.0/json-unit-core-2.36.0.jar:/home/jorden/.m2/repository/org/hamcrest/hamcrest-core/2.2/hamcrest-core-2.2.jar:/home/jorden/.m2/repository/com/networknt/json-schema-validator/1.0.76/json-schema-validator-1.0.76.jar:/home/jorden/.m2/repository/com/ethlo/time/itu/1.7.0/itu-1.7.0.jar:/home/jorden/.m2/repository/com/jayway/jsonpath/json-path/2.7.0/json-path-2.7.0.jar:/home/jorden/.m2/repository/net/minidev/json-smart/2.4.7/json-smart-2.4.7.jar:/home/jorden/.m2/repository/net/minidev/accessors-smart/2.4.7/accessors-smart-2.4.7.jar:/home/jorden/.m2/repository/com/sun/xml/bind/jaxb-impl/4.0.1/jaxb-impl-4.0.1.jar:/home/jorden/.m2/repository/com/sun/xml/bind/jaxb-core/4.0.1/jaxb-core-4.0.1.jar:/home/jorden/.m2/repository/org/xmlunit/xmlunit-core/2.9.1/xmlunit-core-2.9.1.jar:/home/jorden/.m2/repository/org/xmlunit/xmlunit-placeholders/2.9.1/xmlunit-placeholders-2.9.1.jar:/home/jorden/.m2/repository/org/apache/commons/commons-text/1.11.0/commons-text-1.11.0.jar:/home/jorden/.m2/repository/io/github/classgraph/classgraph/4.8.154/classgraph-4.8.154.jar:/home/jorden/.m2/repository/io/prometheus/simpleclient_httpserver/0.16.0/simpleclient_httpserver-0.16.0.jar:/home/jorden/.m2/repository/org/apache/commons/commons-lang3/3.14.0/commons-lang3-3.14.0.jar:/home/jorden/.m2/repository/com/google/guava/guava/33.0.0-jre/guava-33.0.0-jre.jar:/home/jorden/.m2/repository/com/google/guava/failureaccess/1.0.1/failureaccess-1.0.1.jar:/home/jorden/.m2/repository/org/checkerframework/checker-qual/3.42.0/checker-qual-3.42.0.jar:/home/jorden/.m2/repository/com/google/errorprone/error_prone_annotations/2.24.0/error_prone_annotations-2.24.0.jar:/home/jorden/.m2/repository/com/google/j2objc/j2objc-annotations/2.8/j2objc-annotations-2.8.jar:/home/jorden/.m2/repository/io/swagger/parser/v3/swagger-parser/2.1.20/swagger-parser-2.1.20.jar:/home/jorden/.m2/repository/io/swagger/parser/v3/swagger-parser-v2-converter/2.1.20/swagger-parser-v2-converter-2.1.20.jar:/home/jorden/.m2/repository/io/swagger/swagger-core/1.6.12/swagger-core-1.6.12.jar:/home/jorden/.m2/repository/io/swagger/swagger-models/1.6.12/swagger-models-1.6.12.jar:/home/jorden/.m2/repository/io/swagger/swagger-annotations/1.6.12/swagger-annotations-1.6.12.jar:/home/jorden/.m2/repository/io/swagger/swagger-parser/1.0.69/swagger-parser-1.0.69.jar:/home/jorden/.m2/repository/io/swagger/swagger-parser-safe-url-resolver/1.0.69/swagger-parser-safe-url-resolver-1.0.69.jar:/home/jorden/.m2/repository/io/swagger/swagger-compat-spec-parser/1.0.69/swagger-compat-spec-parser-1.0.69.jar:/home/jorden/.m2/repository/com/github/java-json-tools/json-schema-validator/2.2.14/json-schema-validator-2.2.14.jar:/home/jorden/.m2/repository/com/github/java-json-tools/jackson-coreutils-equivalence/1.0/jackson-coreutils-equivalence-1.0.jar:/home/jorden/.m2/repository/com/github/java-json-tools/json-schema-core/1.2.14/json-schema-core-1.2.14.jar:/home/jorden/.m2/repository/com/github/java-json-tools/uri-template/0.10/uri-template-0.10.jar:/home/jorden/.m2/repository/org/mozilla/rhino/1.7.7.2/rhino-1.7.7.2.jar:/home/jorden/.m2/repository/joda-time/joda-time/2.10.5/joda-time-2.10.5.jar:/home/jorden/.m2/repository/com/googlecode/libphonenumber/libphonenumber/8.11.1/libphonenumber-8.11.1.jar:/home/jorden/.m2/repository/net/sf/jopt-simple/jopt-simple/5.0.4/jopt-simple-5.0.4.jar:/home/jorden/.m2/repository/com/github/java-json-tools/json-patch/1.13/json-patch-1.13.jar:/home/jorden/.m2/repository/com/github/java-json-tools/msg-simple/1.2/msg-simple-1.2.jar:/home/jorden/.m2/repository/com/github/java-json-tools/btf/1.3/btf-1.3.jar:/home/jorden/.m2/repository/com/github/java-json-tools/jackson-coreutils/2.0/jackson-coreutils-2.0.jar:/home/jorden/.m2/repository/io/swagger/core/v3/swagger-models/2.2.20/swagger-models-2.2.20.jar:/home/jorden/.m2/repository/io/swagger/parser/v3/swagger-parser-core/2.1.20/swagger-parser-core-2.1.20.jar:/home/jorden/.m2/repository/io/swagger/parser/v3/swagger-parser-v3/2.1.20/swagger-parser-v3-2.1.20.jar:/home/jorden/.m2/repository/io/swagger/core/v3/swagger-core/2.2.20/swagger-core-2.2.20.jar:/home/jorden/.m2/repository/io/swagger/core/v3/swagger-annotations/2.2.20/swagger-annotations-2.2.20.jar:/home/jorden/.m2/repository/io/swagger/parser/v3/swagger-parser-safe-url-resolver/2.1.20/swagger-parser-safe-url-resolver-2.1.20.jar:/home/jorden/.m2/repository/com/fasterxml/jackson/core/jackson-annotations/2.16.1/jackson-annotations-2.16.1.jar:/home/jorden/.m2/repository/org/yaml/snakeyaml/2.2/snakeyaml-2.2.jar:/home/jorden/.m2/repository/commons-io/commons-io/2.15.1/commons-io-2.15.1.jar:/home/jorden/.m2/repository/io/quarkus/quarkus-test-keycloak-server/3.8.1/quarkus-test-keycloak-server-3.8.1.jar:/home/jorden/.m2/repository/org/keycloak/keycloak-adapter-core/23.0.7/keycloak-adapter-core-23.0.7.jar:/home/jorden/.m2/repository/org/keycloak/keycloak-crypto-default/23.0.7/keycloak-crypto-default-23.0.7.jar:/home/jorden/.m2/repository/org/keycloak/keycloak-server-spi/23.0.7/keycloak-server-spi-23.0.7.jar:/home/jorden/.m2/repository/org/keycloak/keycloak-server-spi-private/23.0.7/keycloak-server-spi-private-23.0.7.jar:/home/jorden/.m2/repository/org/keycloak/keycloak-core/23.0.7/keycloak-core-23.0.7.jar:/home/jorden/.m2/repository/org/keycloak/keycloak-common/23.0.7/keycloak-common-23.0.7.jar:/home/jorden/.m2/repository/org/testcontainers/testcontainers/1.19.4/testcontainers-1.19.4.jar:/home/jorden/.m2/repository/junit/junit/4.13.2/junit-4.13.2.jar:/home/jorden/.m2/repository/org/apache/commons/commons-compress/1.26.0/commons-compress-1.26.0.jar:/home/jorden/.m2/repository/org/rnorth/duct-tape/duct-tape/1.0.8/duct-tape-1.0.8.jar:/home/jorden/.m2/repository/org/jetbrains/annotations/24.1.0/annotations-24.1.0.jar:/home/jorden/.m2/repository/com/github/docker-java/docker-java-api/3.3.4/docker-java-api-3.3.4.jar:/home/jorden/.m2/repository/com/github/docker-java/docker-java-transport-zerodep/3.3.4/docker-java-transport-zerodep-3.3.4.jar:/home/jorden/.m2/repository/com/github/docker-java/docker-java-transport/3.3.4/docker-java-transport-3.3.4.jar:/home/jorden/.m2/repository/net/java/dev/jna/jna/5.8.0/jna-5.8.0.jar:/home/jorden/.m2/repository/org/eclipse/angus/angus-activation/2.0.1/angus-activation-2.0.1.jar:/home/jorden/.m2/repository/jakarta/activation/jakarta.activation-api/2.1.2/jakarta.activation-api-2.1.2.jar:/home/jorden/.m2/repository/org/tkit/onecx/quarkus/onecx-core/0.13.0/onecx-core-0.13.0.jar:/home/jorden/.m2/repository/io/quarkus/resteasy/reactive/resteasy-reactive-common/3.8.1/resteasy-reactive-common-3.8.1.jar:/home/jorden/.m2/repository/io/quarkus/resteasy/reactive/resteasy-reactive-common-types/3.8.1/resteasy-reactive-common-types-3.8.1.jar:/home/jorden/.m2/repository/io/smallrye/reactive/mutiny/2.5.7/mutiny-2.5.7.jar:/home/jorden/.m2/repository/org/reactivestreams/reactive-streams/1.0.4/reactive-streams-1.0.4.jar:/home/jorden/.m2/repository/io/smallrye/reactive/mutiny-zero-flow-adapters/1.0.0/mutiny-zero-flow-adapters-1.0.0.jar:/home/jorden/.m2/repository/io/quarkus/quarkus-arc/3.8.1/quarkus-arc-3.8.1.jar:/home/jorden/.m2/repository/io/quarkus/arc/arc/3.8.1/arc-3.8.1.jar:/home/jorden/.m2/repository/org/eclipse/microprofile/context-propagation/microprofile-context-propagation-api/1.3/microprofile-context-propagation-api-1.3.jar:/home/jorden/.m2/repository/io/quarkus/quarkus-container-image-docker/3.8.1/quarkus-container-image-docker-3.8.1.jar:/home/jorden/.m2/repository/io/quarkus/quarkus-container-image/3.8.1/quarkus-container-image-3.8.1.jar:/home/jorden/.m2/repository/io/quarkus/quarkus-junit5/3.8.1/quarkus-junit5-3.8.1.jar:/home/jorden/.m2/repository/io/quarkus/quarkus-bootstrap-core/3.8.1/quarkus-bootstrap-core-3.8.1.jar:/home/jorden/.m2/repository/io/quarkus/quarkus-bootstrap-app-model/3.8.1/quarkus-bootstrap-app-model-3.8.1.jar:/home/jorden/.m2/repository/io/smallrye/common/smallrye-common-io/2.1.2/smallrye-common-io-2.1.2.jar:/home/jorden/.m2/repository/org/eclipse/sisu/org.eclipse.sisu.inject/0.9.0.M2/org.eclipse.sisu.inject-0.9.0.M2.jar:/home/jorden/.m2/repository/io/quarkus/quarkus-junit5-properties/3.8.1/quarkus-junit5-properties-3.8.1.jar:/home/jorden/.m2/repository/org/junit/jupiter/junit-jupiter/5.10.1/junit-jupiter-5.10.1.jar:/home/jorden/.m2/repository/org/junit/jupiter/junit-jupiter-api/5.10.1/junit-jupiter-api-5.10.1.jar:/home/jorden/.m2/repository/org/opentest4j/opentest4j/1.3.0/opentest4j-1.3.0.jar:/home/jorden/.m2/repository/org/junit/platform/junit-platform-commons/1.10.1/junit-platform-commons-1.10.1.jar:/home/jorden/.m2/repository/org/apiguardian/apiguardian-api/1.1.2/apiguardian-api-1.1.2.jar:/home/jorden/.m2/repository/org/junit/jupiter/junit-jupiter-params/5.10.1/junit-jupiter-params-5.10.1.jar:/home/jorden/.m2/repository/org/junit/jupiter/junit-jupiter-engine/5.10.1/junit-jupiter-engine-5.10.1.jar:/home/jorden/.m2/repository/org/junit/platform/junit-platform-engine/1.10.1/junit-platform-engine-1.10.1.jar:/home/jorden/.m2/repository/com/thoughtworks/xstream/xstream/1.4.20/xstream-1.4.20.jar:/home/jorden/.m2/repository/io/github/x-stream/mxparser/1.2.2/mxparser-1.2.2.jar:/home/jorden/.m2/repository/xmlpull/xmlpull/1.1.3.1/xmlpull-1.1.3.1.jar:/home/jorden/.m2/repository/io/rest-assured/rest-assured/5.4.0/rest-assured-5.4.0.jar:/home/jorden/.m2/repository/org/apache/groovy/groovy/4.0.16/groovy-4.0.16.jar:/home/jorden/.m2/repository/org/apache/groovy/groovy-xml/4.0.16/groovy-xml-4.0.16.jar:/home/jorden/.m2/repository/org/apache/httpcomponents/httpclient/4.5.14/httpclient-4.5.14.jar:/home/jorden/.m2/repository/org/apache/httpcomponents/httpcore/4.4.16/httpcore-4.4.16.jar:/home/jorden/.m2/repository/commons-codec/commons-codec/1.16.1/commons-codec-1.16.1.jar:/home/jorden/.m2/repository/org/apache/httpcomponents/httpmime/4.5.14/httpmime-4.5.14.jar:/home/jorden/.m2/repository/org/hamcrest/hamcrest/2.2/hamcrest-2.2.jar:/home/jorden/.m2/repository/org/ccil/cowan/tagsoup/tagsoup/1.2.1/tagsoup-1.2.1.jar:/home/jorden/.m2/repository/io/rest-assured/json-path/5.4.0/json-path-5.4.0.jar:/home/jorden/.m2/repository/org/apache/groovy/groovy-json/4.0.16/groovy-json-4.0.16.jar:/home/jorden/.m2/repository/io/rest-assured/rest-assured-common/5.4.0/rest-assured-common-5.4.0.jar:/home/jorden/.m2/repository/io/rest-assured/xml-path/5.4.0/xml-path-5.4.0.jar:/home/jorden/.m2/repository/org/awaitility/awaitility/4.2.0/awaitility-4.2.0.jar:/home/jorden/.m2/repository/io/quarkus/quarkus-jacoco/3.8.1/quarkus-jacoco-3.8.1.jar:/home/jorden/.m2/repository/org/jacoco/org.jacoco.core/0.8.11/org.jacoco.core-0.8.11.jar:/home/jorden/.m2/repository/org/ow2/asm/asm/9.6/asm-9.6.jar:/home/jorden/.m2/repository/org/ow2/asm/asm-tree/9.6/asm-tree-9.6.jar:/home/jorden/.m2/repository/org/jacoco/org.jacoco.report/0.8.11/org.jacoco.report-0.8.11.jar:/home/jorden/.m2/repository/org/jacoco/org.jacoco.agent/0.8.11/org.jacoco.agent-0.8.11.jar:/home/jorden/.m2/repository/org/jacoco/org.jacoco.agent/0.8.11/org.jacoco.agent-0.8.11-runtime.jar:/home/jorden/.m2/repository/org/ow2/asm/asm-commons/9.6/asm-commons-9.6.jar:/home/jorden/.m2/repository/org/assertj/assertj-core/3.25.3/assertj-core-3.25.3.jar:/home/jorden/.m2/repository/net/bytebuddy/byte-buddy/1.14.11/byte-buddy-1.14.11.jar:"/>
    <property name="java.vm.vendor" value="Azul Systems, Inc."/>
    <property name="sun.arch.data.model" value="64"/>
    <property name="java.vendor.url" value="http://www.azul.com/"/>
    <property name="user.timezone" value="Europe/Berlin"/>
    <property name="logging.initial-configurator.min-level" value="500"/>
    <property name="java.vm.specification.version" value="21"/>
    <property name="os.name" value="Linux"/>
    <property name="sun.java.launcher" value="SUN_STANDARD"/>
    <property name="groovy.use.classvalue" value="false"/>
    <property name="mp.openapi.extensions.smallrye.defaultProduces" value="application/json"/>
    <property name="quarkus.http.test-port" value="41831"/>
    <property name="sun.boot.library.path" value="/home/jorden/tools/zulu21.32.17-ca-jdk21.0.2-linux_x64/lib"/>
    <property name="sun.java.command" value="/home/jorden/projects/portal/onecx-welcome-bff/target/surefire/surefirebooter-20240301160657677_3.jar /home/jorden/projects/portal/onecx-welcome-bff/target/surefire 2024-03-01T16-06-57_580-jvmRun1 surefire-20240301160657677_1tmp surefire_0-20240301160657677_2tmp"/>
    <property name="jdk.debug" value="release"/>
    <property name="maven.home" value="/home/jorden/tools/maven"/>
    <property name="surefire.test.class.path" value="/home/jorden/projects/portal/onecx-welcome-bff/target/test-classes:/home/jorden/projects/portal/onecx-welcome-bff/target/classes:/home/jorden/.m2/repository/io/quarkus/quarkus-resteasy-reactive/3.8.1/quarkus-resteasy-reactive-3.8.1.jar:/home/jorden/.m2/repository/io/quarkus/quarkus-resteasy-reactive-common/3.8.1/quarkus-resteasy-reactive-common-3.8.1.jar:/home/jorden/.m2/repository/io/quarkus/quarkus-mutiny/3.8.1/quarkus-mutiny-3.8.1.jar:/home/jorden/.m2/repository/io/quarkus/quarkus-smallrye-context-propagation/3.8.1/quarkus-smallrye-context-propagation-3.8.1.jar:/home/jorden/.m2/repository/io/smallrye/smallrye-context-propagation/2.1.0/smallrye-context-propagation-2.1.0.jar:/home/jorden/.m2/repository/io/smallrye/smallrye-context-propagation-api/2.1.0/smallrye-context-propagation-api-2.1.0.jar:/home/jorden/.m2/repository/io/smallrye/smallrye-context-propagation-storage/2.1.0/smallrye-context-propagation-storage-2.1.0.jar:/home/jorden/.m2/repository/io/smallrye/reactive/mutiny-smallrye-context-propagation/2.5.7/mutiny-smallrye-context-propagation-2.5.7.jar:/home/jorden/.m2/repository/io/quarkus/resteasy/reactive/resteasy-reactive-vertx/3.8.1/resteasy-reactive-vertx-3.8.1.jar:/home/jorden/.m2/repository/io/smallrye/reactive/smallrye-mutiny-vertx-core/3.9.0/smallrye-mutiny-vertx-core-3.9.0.jar:/home/jorden/.m2/repository/io/smallrye/reactive/smallrye-mutiny-vertx-runtime/3.9.0/smallrye-mutiny-vertx-runtime-3.9.0.jar:/home/jorden/.m2/repository/io/smallrye/reactive/vertx-mutiny-generator/3.9.0/vertx-mutiny-generator-3.9.0.jar:/home/jorden/.m2/repository/io/vertx/vertx-codegen/4.5.3/vertx-codegen-4.5.3.jar:/home/jorden/.m2/repository/io/quarkus/resteasy/reactive/resteasy-reactive/3.8.1/resteasy-reactive-3.8.1.jar:/home/jorden/.m2/repository/jakarta/enterprise/jakarta.enterprise.cdi-api/4.0.1/jakarta.enterprise.cdi-api-4.0.1.jar:/home/jorden/.m2/repository/jakarta/enterprise/jakarta.enterprise.lang-model/4.0.1/jakarta.enterprise.lang-model-4.0.1.jar:/home/jorden/.m2/repository/org/jboss/logging/commons-logging-jboss-logging/1.0.0.Final/commons-logging-jboss-logging-1.0.0.Final.jar:/home/jorden/.m2/repository/jakarta/xml/bind/jakarta.xml.bind-api/4.0.1/jakarta.xml.bind-api-4.0.1.jar:/home/jorden/.m2/repository/org/jboss/logging/jboss-logging/3.5.3.Final/jboss-logging-3.5.3.Final.jar:/home/jorden/.m2/repository/io/quarkus/quarkus-vertx-http/3.8.1/quarkus-vertx-http-3.8.1.jar:/home/jorden/.m2/repository/io/quarkus/quarkus-credentials/3.8.1/quarkus-credentials-3.8.1.jar:/home/jorden/.m2/repository/io/quarkus/security/quarkus-security/2.0.3.Final/quarkus-security-2.0.3.Final.jar:/home/jorden/.m2/repository/io/smallrye/reactive/smallrye-mutiny-vertx-web/3.9.0/smallrye-mutiny-vertx-web-3.9.0.jar:/home/jorden/.m2/repository/io/smallrye/reactive/smallrye-mutiny-vertx-web-common/3.9.0/smallrye-mutiny-vertx-web-common-3.9.0.jar:/home/jorden/.m2/repository/io/smallrye/reactive/smallrye-mutiny-vertx-auth-common/3.9.0/smallrye-mutiny-vertx-auth-common-3.9.0.jar:/home/jorden/.m2/repository/io/smallrye/reactive/smallrye-mutiny-vertx-bridge-common/3.9.0/smallrye-mutiny-vertx-bridge-common-3.9.0.jar:/home/jorden/.m2/repository/io/smallrye/reactive/smallrye-mutiny-vertx-uri-template/3.9.0/smallrye-mutiny-vertx-uri-template-3.9.0.jar:/home/jorden/.m2/repository/io/vertx/vertx-uri-template/4.5.3/vertx-uri-template-4.5.3.jar:/home/jorden/.m2/repository/io/github/crac/org-crac/0.1.3/org-crac-0.1.3.jar:/home/jorden/.m2/repository/io/quarkus/quarkus-jsonp/3.8.1/quarkus-jsonp-3.8.1.jar:/home/jorden/.m2/repository/org/eclipse/parsson/parsson/1.1.5/parsson-1.1.5.jar:/home/jorden/.m2/repository/io/quarkus/quarkus-virtual-threads/3.8.1/quarkus-virtual-threads-3.8.1.jar:/home/jorden/.m2/repository/io/vertx/vertx-core/4.5.3/vertx-core-4.5.3.jar:/home/jorden/.m2/repository/io/netty/netty-common/4.1.106.Final/netty-common-4.1.106.Final.jar:/home/jorden/.m2/repository/io/netty/netty-buffer/4.1.106.Final/netty-buffer-4.1.106.Final.jar:/home/jorden/.m2/repository/io/netty/netty-transport/4.1.106.Final/netty-transport-4.1.106.Final.jar:/home/jorden/.m2/repository/io/netty/netty-handler/4.1.106.Final/netty-handler-4.1.106.Final.jar:/home/jorden/.m2/repository/io/netty/netty-transport-native-unix-common/4.1.106.Final/netty-transport-native-unix-common-4.1.106.Final.jar:/home/jorden/.m2/repository/io/netty/netty-handler-proxy/4.1.106.Final/netty-handler-proxy-4.1.106.Final.jar:/home/jorden/.m2/repository/io/netty/netty-codec-http/4.1.106.Final/netty-codec-http-4.1.106.Final.jar:/home/jorden/.m2/repository/io/netty/netty-codec-http2/4.1.106.Final/netty-codec-http2-4.1.106.Final.jar:/home/jorden/.m2/repository/io/netty/netty-resolver/4.1.106.Final/netty-resolver-4.1.106.Final.jar:/home/jorden/.m2/repository/io/netty/netty-resolver-dns/4.1.106.Final/netty-resolver-dns-4.1.106.Final.jar:/home/jorden/.m2/repository/io/netty/netty-codec-dns/4.1.106.Final/netty-codec-dns-4.1.106.Final.jar:/home/jorden/.m2/repository/io/quarkus/quarkus-smallrye-openapi/3.8.1/quarkus-smallrye-openapi-3.8.1.jar:/home/jorden/.m2/repository/io/smallrye/smallrye-open-api-core/3.10.0/smallrye-open-api-core-3.10.0.jar:/home/jorden/.m2/repository/org/eclipse/microprofile/openapi/microprofile-openapi-api/3.1.1/microprofile-openapi-api-3.1.1.jar:/home/jorden/.m2/repository/org/eclipse/microprofile/config/microprofile-config-api/3.0.3/microprofile-config-api-3.0.3.jar:/home/jorden/.m2/repository/com/fasterxml/jackson/core/jackson-core/2.16.1/jackson-core-2.16.1.jar:/home/jorden/.m2/repository/com/fasterxml/jackson/core/jackson-databind/2.16.1/jackson-databind-2.16.1.jar:/home/jorden/.m2/repository/com/fasterxml/jackson/dataformat/jackson-dataformat-yaml/2.16.1/jackson-dataformat-yaml-2.16.1.jar:/home/jorden/.m2/repository/io/smallrye/jandex/3.1.6/jandex-3.1.6.jar:/home/jorden/.m2/repository/io/quarkus/quarkus-core/3.8.1/quarkus-core-3.8.1.jar:/home/jorden/.m2/repository/jakarta/inject/jakarta.inject-api/2.0.1/jakarta.inject-api-2.0.1.jar:/home/jorden/.m2/repository/io/smallrye/common/smallrye-common-os/2.1.2/smallrye-common-os-2.1.2.jar:/home/jorden/.m2/repository/io/quarkus/quarkus-ide-launcher/3.8.1/quarkus-ide-launcher-3.8.1.jar:/home/jorden/.m2/repository/io/quarkus/quarkus-development-mode-spi/3.8.1/quarkus-development-mode-spi-3.8.1.jar:/home/jorden/.m2/repository/io/smallrye/config/smallrye-config/3.5.4/smallrye-config-3.5.4.jar:/home/jorden/.m2/repository/io/smallrye/config/smallrye-config-core/3.5.4/smallrye-config-core-3.5.4.jar:/home/jorden/.m2/repository/io/smallrye/common/smallrye-common-classloader/2.1.2/smallrye-common-classloader-2.1.2.jar:/home/jorden/.m2/repository/io/smallrye/config/smallrye-config-common/3.5.4/smallrye-config-common-3.5.4.jar:/home/jorden/.m2/repository/org/jboss/logging/jboss-logging-annotations/2.2.1.Final/jboss-logging-annotations-2.2.1.Final.jar:/home/jorden/.m2/repository/org/jboss/threads/jboss-threads/3.5.1.Final/jboss-threads-3.5.1.Final.jar:/home/jorden/.m2/repository/org/slf4j/slf4j-api/2.0.6/slf4j-api-2.0.6.jar:/home/jorden/.m2/repository/org/jboss/slf4j/slf4j-jboss-logmanager/2.0.0.Final/slf4j-jboss-logmanager-2.0.0.Final.jar:/home/jorden/.m2/repository/org/wildfly/common/wildfly-common/1.7.0.Final/wildfly-common-1.7.0.Final.jar:/home/jorden/.m2/repository/io/quarkus/quarkus-bootstrap-runner/3.8.1/quarkus-bootstrap-runner-3.8.1.jar:/home/jorden/.m2/repository/io/quarkus/quarkus-fs-util/0.0.10/quarkus-fs-util-0.0.10.jar:/home/jorden/.m2/repository/io/quarkus/quarkus-swagger-ui/3.8.1/quarkus-swagger-ui-3.8.1.jar:/home/jorden/.m2/repository/io/quarkus/quarkus-resteasy-reactive-jackson/3.8.1/quarkus-resteasy-reactive-jackson-3.8.1.jar:/home/jorden/.m2/repository/io/quarkus/quarkus-resteasy-reactive-jackson-common/3.8.1/quarkus-resteasy-reactive-jackson-common-3.8.1.jar:/home/jorden/.m2/repository/io/quarkus/quarkus-jackson/3.8.1/quarkus-jackson-3.8.1.jar:/home/jorden/.m2/repository/com/fasterxml/jackson/datatype/jackson-datatype-jsr310/2.16.1/jackson-datatype-jsr310-2.16.1.jar:/home/jorden/.m2/repository/com/fasterxml/jackson/datatype/jackson-datatype-jdk8/2.16.1/jackson-datatype-jdk8-2.16.1.jar:/home/jorden/.m2/repository/com/fasterxml/jackson/module/jackson-module-parameter-names/2.16.1/jackson-module-parameter-names-2.16.1.jar:/home/jorden/.m2/repository/io/quarkus/quarkus-smallrye-health/3.8.1/quarkus-smallrye-health-3.8.1.jar:/home/jorden/.m2/repository/io/smallrye/smallrye-health/4.1.0/smallrye-health-4.1.0.jar:/home/jorden/.m2/repository/org/eclipse/microprofile/health/microprofile-health-api/4.0.1/microprofile-health-api-4.0.1.jar:/home/jorden/.m2/repository/io/smallrye/smallrye-health-api/4.1.0/smallrye-health-api-4.1.0.jar:/home/jorden/.m2/repository/jakarta/json/jakarta.json-api/2.1.3/jakarta.json-api-2.1.3.jar:/home/jorden/.m2/repository/io/smallrye/smallrye-health-provided-checks/4.1.0/smallrye-health-provided-checks-4.1.0.jar:/home/jorden/.m2/repository/io/quarkus/quarkus-opentelemetry/3.8.1/quarkus-opentelemetry-3.8.1.jar:/home/jorden/.m2/repository/io/quarkus/quarkus-vertx/3.8.1/quarkus-vertx-3.8.1.jar:/home/jorden/.m2/repository/io/quarkus/quarkus-netty/3.8.1/quarkus-netty-3.8.1.jar:/home/jorden/.m2/repository/io/netty/netty-codec/4.1.106.Final/netty-codec-4.1.106.Final.jar:/home/jorden/.m2/repository/com/aayushatharva/brotli4j/brotli4j/1.14.0/brotli4j-1.14.0.jar:/home/jorden/.m2/repository/com/aayushatharva/brotli4j/service/1.14.0/service-1.14.0.jar:/home/jorden/.m2/repository/com/aayushatharva/brotli4j/native-linux-x86_64/1.14.0/native-linux-x86_64-1.14.0.jar:/home/jorden/.m2/repository/io/netty/netty-codec-haproxy/4.1.106.Final/netty-codec-haproxy-4.1.106.Final.jar:/home/jorden/.m2/repository/io/smallrye/common/smallrye-common-annotation/2.1.2/smallrye-common-annotation-2.1.2.jar:/home/jorden/.m2/repository/io/quarkus/quarkus-vertx-latebound-mdc-provider/3.8.1/quarkus-vertx-latebound-mdc-provider-3.8.1.jar:/home/jorden/.m2/repository/io/smallrye/smallrye-fault-tolerance-vertx/6.2.6/smallrye-fault-tolerance-vertx-6.2.6.jar:/home/jorden/.m2/repository/io/quarkus/quarkus-grpc-common/3.8.1/quarkus-grpc-common-3.8.1.jar:/home/jorden/.m2/repository/com/google/code/findbugs/jsr305/3.0.2/jsr305-3.0.2.jar:/home/jorden/.m2/repository/io/vertx/vertx-grpc/4.5.3/vertx-grpc-4.5.3.jar:/home/jorden/.m2/repository/io/grpc/grpc-netty/1.59.1/grpc-netty-1.59.1.jar:/home/jorden/.m2/repository/io/grpc/grpc-core/1.59.1/grpc-core-1.59.1.jar:/home/jorden/.m2/repository/com/google/code/gson/gson/2.10.1/gson-2.10.1.jar:/home/jorden/.m2/repository/io/grpc/grpc-context/1.59.1/grpc-context-1.59.1.jar:/home/jorden/.m2/repository/io/grpc/grpc-util/1.59.1/grpc-util-1.59.1.jar:/home/jorden/.m2/repository/io/perfmark/perfmark-api/0.26.0/perfmark-api-0.26.0.jar:/home/jorden/.m2/repository/io/grpc/grpc-protobuf/1.59.1/grpc-protobuf-1.59.1.jar:/home/jorden/.m2/repository/com/google/protobuf/protobuf-java/3.25.0/protobuf-java-3.25.0.jar:/home/jorden/.m2/repository/com/google/api/grpc/proto-google-common-protos/2.28.0/proto-google-common-protos-2.28.0.jar:/home/jorden/.m2/repository/io/grpc/grpc-protobuf-lite/1.59.1/grpc-protobuf-lite-1.59.1.jar:/home/jorden/.m2/repository/io/vertx/vertx-grpc-server/4.5.3/vertx-grpc-server-4.5.3.jar:/home/jorden/.m2/repository/io/smallrye/common/smallrye-common-vertx-context/2.1.2/smallrye-common-vertx-context-2.1.2.jar:/home/jorden/.m2/repository/io/smallrye/common/smallrye-common-constraint/2.1.2/smallrye-common-constraint-2.1.2.jar:/home/jorden/.m2/repository/io/opentelemetry/opentelemetry-sdk-extension-autoconfigure/1.32.0/opentelemetry-sdk-extension-autoconfigure-1.32.0.jar:/home/jorden/.m2/repository/io/opentelemetry/opentelemetry-sdk/1.32.0/opentelemetry-sdk-1.32.0.jar:/home/jorden/.m2/repository/io/opentelemetry/opentelemetry-api/1.32.0/opentelemetry-api-1.32.0.jar:/home/jorden/.m2/repository/io/opentelemetry/opentelemetry-context/1.32.0/opentelemetry-context-1.32.0.jar:/home/jorden/.m2/repository/io/opentelemetry/opentelemetry-sdk-common/1.32.0/opentelemetry-sdk-common-1.32.0.jar:/home/jorden/.m2/repository/io/opentelemetry/opentelemetry-sdk-trace/1.32.0/opentelemetry-sdk-trace-1.32.0.jar:/home/jorden/.m2/repository/io/opentelemetry/opentelemetry-sdk-metrics/1.32.0/opentelemetry-sdk-metrics-1.32.0.jar:/home/jorden/.m2/repository/io/opentelemetry/opentelemetry-sdk-logs/1.32.0/opentelemetry-sdk-logs-1.32.0.jar:/home/jorden/.m2/repository/io/opentelemetry/opentelemetry-extension-annotations/1.18.0/opentelemetry-extension-annotations-1.18.0.jar:/home/jorden/.m2/repository/io/opentelemetry/opentelemetry-sdk-extension-autoconfigure-spi/1.32.0/opentelemetry-sdk-extension-autoconfigure-spi-1.32.0.jar:/home/jorden/.m2/repository/io/opentelemetry/semconv/opentelemetry-semconv/1.21.0-alpha/opentelemetry-semconv-1.21.0-alpha.jar:/home/jorden/.m2/repository/io/opentelemetry/opentelemetry-api-events/1.32.0-alpha/opentelemetry-api-events-1.32.0-alpha.jar:/home/jorden/.m2/repository/io/opentelemetry/instrumentation/opentelemetry-instrumentation-api/1.32.0/opentelemetry-instrumentation-api-1.32.0.jar:/home/jorden/.m2/repository/io/opentelemetry/opentelemetry-extension-incubator/1.32.0-alpha/opentelemetry-extension-incubator-1.32.0-alpha.jar:/home/jorden/.m2/repository/io/opentelemetry/instrumentation/opentelemetry-instrumentation-annotations/1.32.0/opentelemetry-instrumentation-annotations-1.32.0.jar:/home/jorden/.m2/repository/io/opentelemetry/instrumentation/opentelemetry-instrumentation-annotations-support/1.32.0-alpha/opentelemetry-instrumentation-annotations-support-1.32.0-alpha.jar:/home/jorden/.m2/repository/io/opentelemetry/instrumentation/opentelemetry-instrumentation-api-semconv/1.32.0-alpha/opentelemetry-instrumentation-api-semconv-1.32.0-alpha.jar:/home/jorden/.m2/repository/io/opentelemetry/opentelemetry-exporter-otlp-common/1.32.0/opentelemetry-exporter-otlp-common-1.32.0.jar:/home/jorden/.m2/repository/io/opentelemetry/opentelemetry-exporter-common/1.32.0/opentelemetry-exporter-common-1.32.0.jar:/home/jorden/.m2/repository/io/opentelemetry/opentelemetry-exporter-otlp/1.32.0/opentelemetry-exporter-otlp-1.32.0.jar:/home/jorden/.m2/repository/io/opentelemetry/opentelemetry-exporter-sender-okhttp/1.32.0/opentelemetry-exporter-sender-okhttp-1.32.0.jar:/home/jorden/.m2/repository/io/vertx/vertx-grpc-client/4.5.3/vertx-grpc-client-4.5.3.jar:/home/jorden/.m2/repository/io/vertx/vertx-grpc-common/4.5.3/vertx-grpc-common-4.5.3.jar:/home/jorden/.m2/repository/io/grpc/grpc-stub/1.59.1/grpc-stub-1.59.1.jar:/home/jorden/.m2/repository/io/grpc/grpc-api/1.59.1/grpc-api-1.59.1.jar:/home/jorden/.m2/repository/io/quarkus/quarkus-micrometer-registry-prometheus/3.8.1/quarkus-micrometer-registry-prometheus-3.8.1.jar:/home/jorden/.m2/repository/io/quarkus/quarkus-micrometer/3.8.1/quarkus-micrometer-3.8.1.jar:/home/jorden/.m2/repository/io/micrometer/micrometer-core/1.12.2/micrometer-core-1.12.2.jar:/home/jorden/.m2/repository/io/micrometer/micrometer-commons/1.12.2/micrometer-commons-1.12.2.jar:/home/jorden/.m2/repository/io/micrometer/micrometer-observation/1.12.2/micrometer-observation-1.12.2.jar:/home/jorden/.m2/repository/org/hdrhistogram/HdrHistogram/2.1.12/HdrHistogram-2.1.12.jar:/home/jorden/.m2/repository/org/latencyutils/LatencyUtils/2.0.3/LatencyUtils-2.0.3.jar:/home/jorden/.m2/repository/io/micrometer/micrometer-registry-prometheus/1.12.2/micrometer-registry-prometheus-1.12.2.jar:/home/jorden/.m2/repository/io/prometheus/simpleclient_common/0.16.0/simpleclient_common-0.16.0.jar:/home/jorden/.m2/repository/io/prometheus/simpleclient/0.16.0/simpleclient-0.16.0.jar:/home/jorden/.m2/repository/io/prometheus/simpleclient_tracer_otel/0.16.0/simpleclient_tracer_otel-0.16.0.jar:/home/jorden/.m2/repository/io/prometheus/simpleclient_tracer_common/0.16.0/simpleclient_tracer_common-0.16.0.jar:/home/jorden/.m2/repository/io/prometheus/simpleclient_tracer_otel_agent/0.16.0/simpleclient_tracer_otel_agent-0.16.0.jar:/home/jorden/.m2/repository/io/quarkiverse/openapi/generator/quarkus-openapi-generator/2.4.0/quarkus-openapi-generator-2.4.0.jar:/home/jorden/.m2/repository/io/quarkus/quarkus-qute/3.8.1/quarkus-qute-3.8.1.jar:/home/jorden/.m2/repository/io/quarkus/qute/qute-core/3.8.1/qute-core-3.8.1.jar:/home/jorden/.m2/repository/io/quarkus/quarkus-rest-client-reactive-jackson/3.8.1/quarkus-rest-client-reactive-jackson-3.8.1.jar:/home/jorden/.m2/repository/io/quarkus/resteasy/reactive/resteasy-reactive-jackson/3.8.1/resteasy-reactive-jackson-3.8.1.jar:/home/jorden/.m2/repository/io/quarkus/quarkus-rest-client-reactive/3.8.1/quarkus-rest-client-reactive-3.8.1.jar:/home/jorden/.m2/repository/io/quarkus/quarkus-jaxrs-client-reactive/3.8.1/quarkus-jaxrs-client-reactive-3.8.1.jar:/home/jorden/.m2/repository/io/quarkus/resteasy/reactive/resteasy-reactive-client/3.8.1/resteasy-reactive-client-3.8.1.jar:/home/jorden/.m2/repository/io/quarkus/quarkus-smallrye-stork/3.8.1/quarkus-smallrye-stork-3.8.1.jar:/home/jorden/.m2/repository/io/quarkus/quarkus-rest-client-config/3.8.1/quarkus-rest-client-config-3.8.1.jar:/home/jorden/.m2/repository/io/smallrye/stork/stork-api/2.5.0/stork-api-2.5.0.jar:/home/jorden/.m2/repository/io/smallrye/stork/stork-core/2.5.0/stork-core-2.5.0.jar:/home/jorden/.m2/repository/org/eclipse/microprofile/rest/client/microprofile-rest-client-api/3.0.1/microprofile-rest-client-api-3.0.1.jar:/home/jorden/.m2/repository/org/tkit/quarkus/lib/tkit-quarkus-log-cdi/2.16.0/tkit-quarkus-log-cdi-2.16.0.jar:/home/jorden/.m2/repository/org/tkit/quarkus/lib/tkit-quarkus-context/2.16.0/tkit-quarkus-context-2.16.0.jar:/home/jorden/.m2/repository/org/eclipse/microprofile/jwt/microprofile-jwt-auth-api/2.1/microprofile-jwt-auth-api-2.1.jar:/home/jorden/.m2/repository/org/tkit/quarkus/lib/tkit-quarkus-log-rs/2.16.0/tkit-quarkus-log-rs-2.16.0.jar:/home/jorden/.m2/repository/jakarta/ws/rs/jakarta.ws.rs-api/3.1.0/jakarta.ws.rs-api-3.1.0.jar:/home/jorden/.m2/repository/org/tkit/quarkus/lib/tkit-quarkus-log-json/2.16.0/tkit-quarkus-log-json-2.16.0.jar:/home/jorden/.m2/repository/org/jboss/logmanager/jboss-logmanager/3.0.4.Final/jboss-logmanager-3.0.4.Final.jar:/home/jorden/.m2/repository/io/smallrye/common/smallrye-common-cpu/2.1.2/smallrye-common-cpu-2.1.2.jar:/home/jorden/.m2/repository/io/smallrye/common/smallrye-common-expression/2.1.2/smallrye-common-expression-2.1.2.jar:/home/jorden/.m2/repository/io/smallrye/common/smallrye-common-function/2.1.2/smallrye-common-function-2.1.2.jar:/home/jorden/.m2/repository/io/smallrye/common/smallrye-common-net/2.1.2/smallrye-common-net-2.1.2.jar:/home/jorden/.m2/repository/io/smallrye/common/smallrye-common-ref/2.1.2/smallrye-common-ref-2.1.2.jar:/home/jorden/.m2/repository/org/tkit/quarkus/lib/tkit-quarkus-rest/2.16.0/tkit-quarkus-rest-2.16.0.jar:/home/jorden/.m2/repository/org/tkit/quarkus/lib/tkit-quarkus-rest-context/2.16.0/tkit-quarkus-rest-context-2.16.0.jar:/home/jorden/.m2/repository/io/quarkus/quarkus-smallrye-jwt/3.8.1/quarkus-smallrye-jwt-3.8.1.jar:/home/jorden/.m2/repository/io/quarkus/quarkus-smallrye-jwt-build/3.8.1/quarkus-smallrye-jwt-build-3.8.1.jar:/home/jorden/.m2/repository/io/smallrye/smallrye-jwt-build/4.4.0/smallrye-jwt-build-4.4.0.jar:/home/jorden/.m2/repository/org/tkit/quarkus/lib/tkit-quarkus-jpa/2.16.0/tkit-quarkus-jpa-2.16.0.jar:/home/jorden/.m2/repository/io/quarkus/quarkus-hibernate-orm/3.8.1/quarkus-hibernate-orm-3.8.1.jar:/home/jorden/.m2/repository/io/quarkus/quarkus-agroal/3.8.1/quarkus-agroal-3.8.1.jar:/home/jorden/.m2/repository/io/quarkus/quarkus-datasource/3.8.1/quarkus-datasource-3.8.1.jar:/home/jorden/.m2/repository/io/agroal/agroal-api/2.1/agroal-api-2.1.jar:/home/jorden/.m2/repository/io/agroal/agroal-narayana/2.1/agroal-narayana-2.1.jar:/home/jorden/.m2/repository/org/jboss/jboss-transaction-spi/8.0.0.Final/jboss-transaction-spi-8.0.0.Final.jar:/home/jorden/.m2/repository/io/agroal/agroal-pool/2.1/agroal-pool-2.1.jar:/home/jorden/.m2/repository/io/quarkus/quarkus-narayana-jta/3.8.1/quarkus-narayana-jta-3.8.1.jar:/home/jorden/.m2/repository/io/quarkus/quarkus-transaction-annotations/3.8.1/quarkus-transaction-annotations-3.8.1.jar:/home/jorden/.m2/repository/io/quarkus/quarkus-datasource-common/3.8.1/quarkus-datasource-common-3.8.1.jar:/home/jorden/.m2/repository/io/smallrye/smallrye-context-propagation-jta/2.1.0/smallrye-context-propagation-jta-2.1.0.jar:/home/jorden/.m2/repository/io/smallrye/reactive/smallrye-reactive-converter-api/3.0.1/smallrye-reactive-converter-api-3.0.1.jar:/home/jorden/.m2/repository/io/smallrye/reactive/smallrye-reactive-converter-mutiny/3.0.1/smallrye-reactive-converter-mutiny-3.0.1.jar:/home/jorden/.m2/repository/org/jboss/narayana/jta/narayana-jta/7.0.0.Final/narayana-jta-7.0.0.Final.jar:/home/jorden/.m2/repository/jakarta/resource/jakarta.resource-api/2.1.0/jakarta.resource-api-2.1.0.jar:/home/jorden/.m2/repository/org/jboss/invocation/jboss-invocation/2.0.0.Final/jboss-invocation-2.0.0.Final.jar:/home/jorden/.m2/repository/org/eclipse/microprofile/reactive-streams-operators/microprofile-reactive-streams-operators-api/3.0/microprofile-reactive-streams-operators-api-3.0.jar:/home/jorden/.m2/repository/org/jboss/narayana/jts/narayana-jts-integration/7.0.0.Final/narayana-jts-integration-7.0.0.Final.jar:/home/jorden/.m2/repository/org/hibernate/orm/hibernate-core/6.4.4.Final/hibernate-core-6.4.4.Final.jar:/home/jorden/.m2/repository/org/antlr/antlr4-runtime/4.13.0/antlr4-runtime-4.13.0.jar:/home/jorden/.m2/repository/org/hibernate/common/hibernate-commons-annotations/6.0.6.Final/hibernate-commons-annotations-6.0.6.Final.jar:/home/jorden/.m2/repository/org/hibernate/orm/hibernate-graalvm/6.4.4.Final/hibernate-graalvm-6.4.4.Final.jar:/home/jorden/.m2/repository/org/glassfish/jaxb/jaxb-runtime/4.0.4/jaxb-runtime-4.0.4.jar:/home/jorden/.m2/repository/org/glassfish/jaxb/jaxb-core/4.0.4/jaxb-core-4.0.4.jar:/home/jorden/.m2/repository/org/glassfish/jaxb/txw2/4.0.4/txw2-4.0.4.jar:/home/jorden/.m2/repository/com/sun/istack/istack-commons-runtime/4.1.2/istack-commons-runtime-4.1.2.jar:/home/jorden/.m2/repository/jakarta/persistence/jakarta.persistence-api/3.1.0/jakarta.persistence-api-3.1.0.jar:/home/jorden/.m2/repository/jakarta/transaction/jakarta.transaction-api/2.0.1/jakarta.transaction-api-2.0.1.jar:/home/jorden/.m2/repository/org/hibernate/quarkus-local-cache/0.3.0/quarkus-local-cache-0.3.0.jar:/home/jorden/.m2/repository/io/quarkus/quarkus-caffeine/3.8.1/quarkus-caffeine-3.8.1.jar:/home/jorden/.m2/repository/com/github/ben-manes/caffeine/caffeine/3.1.5/caffeine-3.1.5.jar:/home/jorden/.m2/repository/org/tkit/quarkus/lib/tkit-quarkus-jpa-models/2.16.0/tkit-quarkus-jpa-models-2.16.0.jar:/home/jorden/.m2/repository/org/mapstruct/mapstruct/1.5.5.Final/mapstruct-1.5.5.Final.jar:/home/jorden/.m2/repository/io/quarkus/quarkus-hibernate-validator/3.8.1/quarkus-hibernate-validator-3.8.1.jar:/home/jorden/.m2/repository/org/hibernate/validator/hibernate-validator/8.0.1.Final/hibernate-validator-8.0.1.Final.jar:/home/jorden/.m2/repository/jakarta/validation/jakarta.validation-api/3.0.2/jakarta.validation-api-3.0.2.jar:/home/jorden/.m2/repository/com/fasterxml/classmate/1.6.0/classmate-1.6.0.jar:/home/jorden/.m2/repository/org/glassfish/expressly/expressly/5.0.0/expressly-5.0.0.jar:/home/jorden/.m2/repository/jakarta/el/jakarta.el-api/5.0.1/jakarta.el-api-5.0.1.jar:/home/jorden/.m2/repository/io/smallrye/config/smallrye-config-validator/3.5.4/smallrye-config-validator-3.5.4.jar:/home/jorden/.m2/repository/org/tkit/onecx/quarkus/onecx-permissions/0.13.0/onecx-permissions-0.13.0.jar:/home/jorden/.m2/repository/org/tkit/onecx/quarkus/onecx-permissions-client/0.13.0/onecx-permissions-client-0.13.0.jar:/home/jorden/.m2/repository/io/quarkus/quarkus-cache/3.8.1/quarkus-cache-3.8.1.jar:/home/jorden/.m2/repository/io/quarkus/quarkus-cache-runtime-spi/3.8.1/quarkus-cache-runtime-spi-3.8.1.jar:/home/jorden/.m2/repository/org/tkit/onecx/quarkus/onecx-security/0.13.0/onecx-security-0.13.0.jar:/home/jorden/.m2/repository/io/vertx/vertx-web/4.5.3/vertx-web-4.5.3.jar:/home/jorden/.m2/repository/io/vertx/vertx-web-common/4.5.3/vertx-web-common-4.5.3.jar:/home/jorden/.m2/repository/io/vertx/vertx-auth-common/4.5.3/vertx-auth-common-4.5.3.jar:/home/jorden/.m2/repository/io/vertx/vertx-bridge-common/4.5.3/vertx-bridge-common-4.5.3.jar:/home/jorden/.m2/repository/io/quarkus/quarkus-oidc/3.8.1/quarkus-oidc-3.8.1.jar:/home/jorden/.m2/repository/io/quarkus/quarkus-security/3.8.1/quarkus-security-3.8.1.jar:/home/jorden/.m2/repository/jakarta/interceptor/jakarta.interceptor-api/2.1.0/jakarta.interceptor-api-2.1.0.jar:/home/jorden/.m2/repository/io/quarkus/quarkus-oidc-common/3.8.1/quarkus-oidc-common-3.8.1.jar:/home/jorden/.m2/repository/io/smallrye/reactive/smallrye-mutiny-vertx-web-client/3.9.0/smallrye-mutiny-vertx-web-client-3.9.0.jar:/home/jorden/.m2/repository/io/vertx/vertx-web-client/4.5.3/vertx-web-client-4.5.3.jar:/home/jorden/.m2/repository/io/smallrye/smallrye-jwt/4.4.0/smallrye-jwt-4.4.0.jar:/home/jorden/.m2/repository/org/bitbucket/b_c/jose4j/0.9.3/jose4j-0.9.3.jar:/home/jorden/.m2/repository/io/smallrye/smallrye-jwt-common/4.4.0/smallrye-jwt-common-4.4.0.jar:/home/jorden/.m2/repository/jakarta/annotation/jakarta.annotation-api/2.1.1/jakarta.annotation-api-2.1.1.jar:/home/jorden/.m2/repository/io/quarkus/quarkus-oidc-client-reactive-filter/3.8.1/quarkus-oidc-client-reactive-filter-3.8.1.jar:/home/jorden/.m2/repository/io/quarkus/quarkus-oidc-client/3.8.1/quarkus-oidc-client-3.8.1.jar:/home/jorden/.m2/repository/org/tkit/quarkus/lib/tkit-quarkus-security/2.16.0/tkit-quarkus-security-2.16.0.jar:/home/jorden/.m2/repository/io/quarkus/quarkus-security-runtime-spi/3.8.1/quarkus-security-runtime-spi-3.8.1.jar:/home/jorden/.m2/repository/io/quarkiverse/mockserver/quarkus-mockserver/1.4.0/quarkus-mockserver-1.4.0.jar:/home/jorden/.m2/repository/io/quarkiverse/mockserver/quarkus-mockserver-test/1.4.0/quarkus-mockserver-test-1.4.0.jar:/home/jorden/.m2/repository/io/quarkus/quarkus-test-common/3.8.1/quarkus-test-common-3.8.1.jar:/home/jorden/.m2/repository/io/quarkus/quarkus-core-deployment/3.8.1/quarkus-core-deployment-3.8.1.jar:/home/jorden/.m2/repository/org/aesh/readline/2.4/readline-2.4.jar:/home/jorden/.m2/repository/org/fusesource/jansi/jansi/2.4.0/jansi-2.4.0.jar:/home/jorden/.m2/repository/org/aesh/aesh/2.7/aesh-2.7.jar:/home/jorden/.m2/repository/io/quarkus/gizmo/gizmo/1.7.0/gizmo-1.7.0.jar:/home/jorden/.m2/repository/org/ow2/asm/asm-util/9.6/asm-util-9.6.jar:/home/jorden/.m2/repository/org/ow2/asm/asm-analysis/9.6/asm-analysis-9.6.jar:/home/jorden/.m2/repository/io/quarkus/quarkus-class-change-agent/3.8.1/quarkus-class-change-agent-3.8.1.jar:/home/jorden/.m2/repository/io/quarkus/quarkus-devtools-utilities/3.8.1/quarkus-devtools-utilities-3.8.1.jar:/home/jorden/.m2/repository/io/quarkus/quarkus-builder/3.8.1/quarkus-builder-3.8.1.jar:/home/jorden/.m2/repository/org/graalvm/sdk/graal-sdk/23.0.1/graal-sdk-23.0.1.jar:/home/jorden/.m2/repository/org/junit/platform/junit-platform-launcher/1.10.1/junit-platform-launcher-1.10.1.jar:/home/jorden/.m2/repository/io/quarkus/quarkus-bootstrap-maven-resolver/3.8.1/quarkus-bootstrap-maven-resolver-3.8.1.jar:/home/jorden/.m2/repository/io/smallrye/beanbag/smallrye-beanbag-maven/1.4.0/smallrye-beanbag-maven-1.4.0.jar:/home/jorden/.m2/repository/io/smallrye/beanbag/smallrye-beanbag-sisu/1.4.0/smallrye-beanbag-sisu-1.4.0.jar:/home/jorden/.m2/repository/io/smallrye/beanbag/smallrye-beanbag/1.4.0/smallrye-beanbag-1.4.0.jar:/home/jorden/.m2/repository/javax/inject/javax.inject/1/javax.inject-1.jar:/home/jorden/.m2/repository/org/apache/maven/maven-artifact/3.9.6/maven-artifact-3.9.6.jar:/home/jorden/.m2/repository/org/apache/maven/maven-builder-support/3.9.6/maven-builder-support-3.9.6.jar:/home/jorden/.m2/repository/org/apache/maven/maven-model/3.9.6/maven-model-3.9.6.jar:/home/jorden/.m2/repository/org/apache/maven/maven-model-builder/3.9.6/maven-model-builder-3.9.6.jar:/home/jorden/.m2/repository/org/apache/maven/maven-repository-metadata/3.9.6/maven-repository-metadata-3.9.6.jar:/home/jorden/.m2/repository/org/apache/maven/maven-settings/3.9.6/maven-settings-3.9.6.jar:/home/jorden/.m2/repository/org/apache/maven/resolver/maven-resolver-api/1.9.18/maven-resolver-api-1.9.18.jar:/home/jorden/.m2/repository/org/apache/maven/resolver/maven-resolver-impl/1.9.18/maven-resolver-impl-1.9.18.jar:/home/jorden/.m2/repository/org/apache/maven/resolver/maven-resolver-named-locks/1.9.18/maven-resolver-named-locks-1.9.18.jar:/home/jorden/.m2/repository/org/apache/maven/resolver/maven-resolver-spi/1.9.18/maven-resolver-spi-1.9.18.jar:/home/jorden/.m2/repository/org/apache/maven/resolver/maven-resolver-util/1.9.18/maven-resolver-util-1.9.18.jar:/home/jorden/.m2/repository/org/apache/maven/resolver/maven-resolver-transport-http/1.9.18/maven-resolver-transport-http-1.9.18.jar:/home/jorden/.m2/repository/org/apache/maven/wagon/wagon-provider-api/3.5.3/wagon-provider-api-3.5.3.jar:/home/jorden/.m2/repository/org/apache/maven/wagon/wagon-http-shared/3.5.3/wagon-http-shared-3.5.3.jar:/home/jorden/.m2/repository/org/codehaus/plexus/plexus-interpolation/1.26/plexus-interpolation-1.26.jar:/home/jorden/.m2/repository/org/codehaus/plexus/plexus-utils/3.5.1/plexus-utils-3.5.1.jar:/home/jorden/.m2/repository/org/codehaus/plexus/plexus-xml/4.0.0/plexus-xml-4.0.0.jar:/home/jorden/.m2/repository/org/apache/maven/maven-xml-impl/4.0.0-alpha-5/maven-xml-impl-4.0.0-alpha-5.jar:/home/jorden/.m2/repository/org/apache/maven/maven-api-xml/4.0.0-alpha-5/maven-api-xml-4.0.0-alpha-5.jar:/home/jorden/.m2/repository/org/apache/maven/maven-api-meta/4.0.0-alpha-5/maven-api-meta-4.0.0-alpha-5.jar:/home/jorden/.m2/repository/org/codehaus/plexus/plexus-cipher/2.0/plexus-cipher-2.0.jar:/home/jorden/.m2/repository/org/codehaus/plexus/plexus-sec-dispatcher/2.0/plexus-sec-dispatcher-2.0.jar:/home/jorden/.m2/repository/org/apache/maven/maven-embedder/3.9.6/maven-embedder-3.9.6.jar:/home/jorden/.m2/repository/org/apache/maven/maven-core/3.9.6/maven-core-3.9.6.jar:/home/jorden/.m2/repository/org/codehaus/plexus/plexus-component-annotations/2.1.0/plexus-component-annotations-2.1.0.jar:/home/jorden/.m2/repository/org/apache/maven/maven-plugin-api/3.9.6/maven-plugin-api-3.9.6.jar:/home/jorden/.m2/repository/org/apache/maven/shared/maven-shared-utils/3.3.4/maven-shared-utils-3.3.4.jar:/home/jorden/.m2/repository/com/google/inject/guice/5.1.0/guice-5.1.0.jar:/home/jorden/.m2/repository/aopalliance/aopalliance/1.0/aopalliance-1.0.jar:/home/jorden/.m2/repository/javax/annotation/javax.annotation-api/1.3.2/javax.annotation-api-1.3.2.jar:/home/jorden/.m2/repository/org/codehaus/plexus/plexus-classworlds/2.6.0/plexus-classworlds-2.6.0.jar:/home/jorden/.m2/repository/commons-cli/commons-cli/1.5.0/commons-cli-1.5.0.jar:/home/jorden/.m2/repository/org/eclipse/sisu/org.eclipse.sisu.plexus/0.9.0.M2/org.eclipse.sisu.plexus-0.9.0.M2.jar:/home/jorden/.m2/repository/org/apache/maven/maven-settings-builder/3.9.6/maven-settings-builder-3.9.6.jar:/home/jorden/.m2/repository/org/apache/maven/maven-resolver-provider/3.9.6/maven-resolver-provider-3.9.6.jar:/home/jorden/.m2/repository/org/apache/maven/resolver/maven-resolver-connector-basic/1.9.18/maven-resolver-connector-basic-1.9.18.jar:/home/jorden/.m2/repository/org/apache/maven/resolver/maven-resolver-transport-wagon/1.9.18/maven-resolver-transport-wagon-1.9.18.jar:/home/jorden/.m2/repository/org/apache/maven/wagon/wagon-http/3.5.3/wagon-http-3.5.3.jar:/home/jorden/.m2/repository/org/apache/maven/wagon/wagon-file/3.5.3/wagon-file-3.5.3.jar:/home/jorden/.m2/repository/io/quarkus/quarkus-bootstrap-gradle-resolver/3.8.1/quarkus-bootstrap-gradle-resolver-3.8.1.jar:/home/jorden/.m2/repository/org/mock-server/mockserver-client-java/5.15.0/mockserver-client-java-5.15.0.jar:/home/jorden/.m2/repository/org/mock-server/mockserver-core/5.15.0/mockserver-core-5.15.0.jar:/home/jorden/.m2/repository/com/lmax/disruptor/3.4.4/disruptor-3.4.4.jar:/home/jorden/.m2/repository/javax/servlet/javax.servlet-api/4.0.1/javax.servlet-api-4.0.1.jar:/home/jorden/.m2/repository/io/netty/netty-codec-socks/4.1.106.Final/netty-codec-socks-4.1.106.Final.jar:/home/jorden/.m2/repository/io/netty/netty-tcnative-boringssl-static/2.0.61.Final/netty-tcnative-boringssl-static-2.0.61.Final.jar:/home/jorden/.m2/repository/io/netty/netty-tcnative-classes/2.0.61.Final/netty-tcnative-classes-2.0.61.Final.jar:/home/jorden/.m2/repository/io/netty/netty-tcnative-boringssl-static/2.0.61.Final/netty-tcnative-boringssl-static-2.0.61.Final-linux-x86_64.jar:/home/jorden/.m2/repository/io/netty/netty-tcnative-boringssl-static/2.0.61.Final/netty-tcnative-boringssl-static-2.0.61.Final-linux-aarch_64.jar:/home/jorden/.m2/repository/io/netty/netty-tcnative-boringssl-static/2.0.61.Final/netty-tcnative-boringssl-static-2.0.61.Final-osx-x86_64.jar:/home/jorden/.m2/repository/io/netty/netty-tcnative-boringssl-static/2.0.61.Final/netty-tcnative-boringssl-static-2.0.61.Final-osx-aarch_64.jar:/home/jorden/.m2/repository/io/netty/netty-tcnative-boringssl-static/2.0.61.Final/netty-tcnative-boringssl-static-2.0.61.Final-windows-x86_64.jar:/home/jorden/.m2/repository/com/jcraft/jzlib/1.1.3/jzlib-1.1.3.jar:/home/jorden/.m2/repository/com/fasterxml/uuid/java-uuid-generator/4.1.0/java-uuid-generator-4.1.0.jar:/home/jorden/.m2/repository/org/bouncycastle/bcprov-jdk18on/1.77/bcprov-jdk18on-1.77.jar:/home/jorden/.m2/repository/org/bouncycastle/bcpkix-jdk18on/1.77/bcpkix-jdk18on-1.77.jar:/home/jorden/.m2/repository/org/bouncycastle/bcutil-jdk18on/1.77/bcutil-jdk18on-1.77.jar:/home/jorden/.m2/repository/com/nimbusds/nimbus-jose-jwt/9.37.3/nimbus-jose-jwt-9.37.3.jar:/home/jorden/.m2/repository/com/github/stephenc/jcip/jcip-annotations/1.0-1/jcip-annotations-1.0-1.jar:/home/jorden/.m2/repository/org/apache/velocity/velocity-engine-scripting/2.3/velocity-engine-scripting-2.3.jar:/home/jorden/.m2/repository/org/apache/velocity/velocity-engine-core/2.3/velocity-engine-core-2.3.jar:/home/jorden/.m2/repository/org/apache/velocity/tools/velocity-tools-generic/3.1/velocity-tools-generic-3.1.jar:/home/jorden/.m2/repository/commons-beanutils/commons-beanutils/1.9.4/commons-beanutils-1.9.4.jar:/home/jorden/.m2/repository/commons-logging/commons-logging/1.2/commons-logging-1.2.jar:/home/jorden/.m2/repository/commons-collections/commons-collections/3.2.2/commons-collections-3.2.2.jar:/home/jorden/.m2/repository/org/apache/commons/commons-digester3/3.2/commons-digester3-3.2.jar:/home/jorden/.m2/repository/com/github/cliftonlabs/json-simple/3.0.2/json-simple-3.0.2.jar:/home/jorden/.m2/repository/com/samskivert/jmustache/1.15/jmustache-1.15.jar:/home/jorden/.m2/repository/net/javacrumbs/json-unit/json-unit-core/2.36.0/json-unit-core-2.36.0.jar:/home/jorden/.m2/repository/org/hamcrest/hamcrest-core/2.2/hamcrest-core-2.2.jar:/home/jorden/.m2/repository/com/networknt/json-schema-validator/1.0.76/json-schema-validator-1.0.76.jar:/home/jorden/.m2/repository/com/ethlo/time/itu/1.7.0/itu-1.7.0.jar:/home/jorden/.m2/repository/com/jayway/jsonpath/json-path/2.7.0/json-path-2.7.0.jar:/home/jorden/.m2/repository/net/minidev/json-smart/2.4.7/json-smart-2.4.7.jar:/home/jorden/.m2/repository/net/minidev/accessors-smart/2.4.7/accessors-smart-2.4.7.jar:/home/jorden/.m2/repository/com/sun/xml/bind/jaxb-impl/4.0.1/jaxb-impl-4.0.1.jar:/home/jorden/.m2/repository/com/sun/xml/bind/jaxb-core/4.0.1/jaxb-core-4.0.1.jar:/home/jorden/.m2/repository/org/xmlunit/xmlunit-core/2.9.1/xmlunit-core-2.9.1.jar:/home/jorden/.m2/repository/org/xmlunit/xmlunit-placeholders/2.9.1/xmlunit-placeholders-2.9.1.jar:/home/jorden/.m2/repository/org/apache/commons/commons-text/1.11.0/commons-text-1.11.0.jar:/home/jorden/.m2/repository/io/github/classgraph/classgraph/4.8.154/classgraph-4.8.154.jar:/home/jorden/.m2/repository/io/prometheus/simpleclient_httpserver/0.16.0/simpleclient_httpserver-0.16.0.jar:/home/jorden/.m2/repository/org/apache/commons/commons-lang3/3.14.0/commons-lang3-3.14.0.jar:/home/jorden/.m2/repository/com/google/guava/guava/33.0.0-jre/guava-33.0.0-jre.jar:/home/jorden/.m2/repository/com/google/guava/failureaccess/1.0.1/failureaccess-1.0.1.jar:/home/jorden/.m2/repository/org/checkerframework/checker-qual/3.42.0/checker-qual-3.42.0.jar:/home/jorden/.m2/repository/com/google/errorprone/error_prone_annotations/2.24.0/error_prone_annotations-2.24.0.jar:/home/jorden/.m2/repository/com/google/j2objc/j2objc-annotations/2.8/j2objc-annotations-2.8.jar:/home/jorden/.m2/repository/io/swagger/parser/v3/swagger-parser/2.1.20/swagger-parser-2.1.20.jar:/home/jorden/.m2/repository/io/swagger/parser/v3/swagger-parser-v2-converter/2.1.20/swagger-parser-v2-converter-2.1.20.jar:/home/jorden/.m2/repository/io/swagger/swagger-core/1.6.12/swagger-core-1.6.12.jar:/home/jorden/.m2/repository/io/swagger/swagger-models/1.6.12/swagger-models-1.6.12.jar:/home/jorden/.m2/repository/io/swagger/swagger-annotations/1.6.12/swagger-annotations-1.6.12.jar:/home/jorden/.m2/repository/io/swagger/swagger-parser/1.0.69/swagger-parser-1.0.69.jar:/home/jorden/.m2/repository/io/swagger/swagger-parser-safe-url-resolver/1.0.69/swagger-parser-safe-url-resolver-1.0.69.jar:/home/jorden/.m2/repository/io/swagger/swagger-compat-spec-parser/1.0.69/swagger-compat-spec-parser-1.0.69.jar:/home/jorden/.m2/repository/com/github/java-json-tools/json-schema-validator/2.2.14/json-schema-validator-2.2.14.jar:/home/jorden/.m2/repository/com/github/java-json-tools/jackson-coreutils-equivalence/1.0/jackson-coreutils-equivalence-1.0.jar:/home/jorden/.m2/repository/com/github/java-json-tools/json-schema-core/1.2.14/json-schema-core-1.2.14.jar:/home/jorden/.m2/repository/com/github/java-json-tools/uri-template/0.10/uri-template-0.10.jar:/home/jorden/.m2/repository/org/mozilla/rhino/1.7.7.2/rhino-1.7.7.2.jar:/home/jorden/.m2/repository/joda-time/joda-time/2.10.5/joda-time-2.10.5.jar:/home/jorden/.m2/repository/com/googlecode/libphonenumber/libphonenumber/8.11.1/libphonenumber-8.11.1.jar:/home/jorden/.m2/repository/net/sf/jopt-simple/jopt-simple/5.0.4/jopt-simple-5.0.4.jar:/home/jorden/.m2/repository/com/github/java-json-tools/json-patch/1.13/json-patch-1.13.jar:/home/jorden/.m2/repository/com/github/java-json-tools/msg-simple/1.2/msg-simple-1.2.jar:/home/jorden/.m2/repository/com/github/java-json-tools/btf/1.3/btf-1.3.jar:/home/jorden/.m2/repository/com/github/java-json-tools/jackson-coreutils/2.0/jackson-coreutils-2.0.jar:/home/jorden/.m2/repository/io/swagger/core/v3/swagger-models/2.2.20/swagger-models-2.2.20.jar:/home/jorden/.m2/repository/io/swagger/parser/v3/swagger-parser-core/2.1.20/swagger-parser-core-2.1.20.jar:/home/jorden/.m2/repository/io/swagger/parser/v3/swagger-parser-v3/2.1.20/swagger-parser-v3-2.1.20.jar:/home/jorden/.m2/repository/io/swagger/core/v3/swagger-core/2.2.20/swagger-core-2.2.20.jar:/home/jorden/.m2/repository/io/swagger/core/v3/swagger-annotations/2.2.20/swagger-annotations-2.2.20.jar:/home/jorden/.m2/repository/io/swagger/parser/v3/swagger-parser-safe-url-resolver/2.1.20/swagger-parser-safe-url-resolver-2.1.20.jar:/home/jorden/.m2/repository/com/fasterxml/jackson/core/jackson-annotations/2.16.1/jackson-annotations-2.16.1.jar:/home/jorden/.m2/repository/org/yaml/snakeyaml/2.2/snakeyaml-2.2.jar:/home/jorden/.m2/repository/commons-io/commons-io/2.15.1/commons-io-2.15.1.jar:/home/jorden/.m2/repository/io/quarkus/quarkus-test-keycloak-server/3.8.1/quarkus-test-keycloak-server-3.8.1.jar:/home/jorden/.m2/repository/org/keycloak/keycloak-adapter-core/23.0.7/keycloak-adapter-core-23.0.7.jar:/home/jorden/.m2/repository/org/keycloak/keycloak-crypto-default/23.0.7/keycloak-crypto-default-23.0.7.jar:/home/jorden/.m2/repository/org/keycloak/keycloak-server-spi/23.0.7/keycloak-server-spi-23.0.7.jar:/home/jorden/.m2/repository/org/keycloak/keycloak-server-spi-private/23.0.7/keycloak-server-spi-private-23.0.7.jar:/home/jorden/.m2/repository/org/keycloak/keycloak-core/23.0.7/keycloak-core-23.0.7.jar:/home/jorden/.m2/repository/org/keycloak/keycloak-common/23.0.7/keycloak-common-23.0.7.jar:/home/jorden/.m2/repository/org/testcontainers/testcontainers/1.19.4/testcontainers-1.19.4.jar:/home/jorden/.m2/repository/junit/junit/4.13.2/junit-4.13.2.jar:/home/jorden/.m2/repository/org/apache/commons/commons-compress/1.26.0/commons-compress-1.26.0.jar:/home/jorden/.m2/repository/org/rnorth/duct-tape/duct-tape/1.0.8/duct-tape-1.0.8.jar:/home/jorden/.m2/repository/org/jetbrains/annotations/24.1.0/annotations-24.1.0.jar:/home/jorden/.m2/repository/com/github/docker-java/docker-java-api/3.3.4/docker-java-api-3.3.4.jar:/home/jorden/.m2/repository/com/github/docker-java/docker-java-transport-zerodep/3.3.4/docker-java-transport-zerodep-3.3.4.jar:/home/jorden/.m2/repository/com/github/docker-java/docker-java-transport/3.3.4/docker-java-transport-3.3.4.jar:/home/jorden/.m2/repository/net/java/dev/jna/jna/5.8.0/jna-5.8.0.jar:/home/jorden/.m2/repository/org/eclipse/angus/angus-activation/2.0.1/angus-activation-2.0.1.jar:/home/jorden/.m2/repository/jakarta/activation/jakarta.activation-api/2.1.2/jakarta.activation-api-2.1.2.jar:/home/jorden/.m2/repository/org/tkit/onecx/quarkus/onecx-core/0.13.0/onecx-core-0.13.0.jar:/home/jorden/.m2/repository/io/quarkus/resteasy/reactive/resteasy-reactive-common/3.8.1/resteasy-reactive-common-3.8.1.jar:/home/jorden/.m2/repository/io/quarkus/resteasy/reactive/resteasy-reactive-common-types/3.8.1/resteasy-reactive-common-types-3.8.1.jar:/home/jorden/.m2/repository/io/smallrye/reactive/mutiny/2.5.7/mutiny-2.5.7.jar:/home/jorden/.m2/repository/org/reactivestreams/reactive-streams/1.0.4/reactive-streams-1.0.4.jar:/home/jorden/.m2/repository/io/smallrye/reactive/mutiny-zero-flow-adapters/1.0.0/mutiny-zero-flow-adapters-1.0.0.jar:/home/jorden/.m2/repository/io/quarkus/quarkus-arc/3.8.1/quarkus-arc-3.8.1.jar:/home/jorden/.m2/repository/io/quarkus/arc/arc/3.8.1/arc-3.8.1.jar:/home/jorden/.m2/repository/org/eclipse/microprofile/context-propagation/microprofile-context-propagation-api/1.3/microprofile-context-propagation-api-1.3.jar:/home/jorden/.m2/repository/io/quarkus/quarkus-container-image-docker/3.8.1/quarkus-container-image-docker-3.8.1.jar:/home/jorden/.m2/repository/io/quarkus/quarkus-container-image/3.8.1/quarkus-container-image-3.8.1.jar:/home/jorden/.m2/repository/io/quarkus/quarkus-junit5/3.8.1/quarkus-junit5-3.8.1.jar:/home/jorden/.m2/repository/io/quarkus/quarkus-bootstrap-core/3.8.1/quarkus-bootstrap-core-3.8.1.jar:/home/jorden/.m2/repository/io/quarkus/quarkus-bootstrap-app-model/3.8.1/quarkus-bootstrap-app-model-3.8.1.jar:/home/jorden/.m2/repository/io/smallrye/common/smallrye-common-io/2.1.2/smallrye-common-io-2.1.2.jar:/home/jorden/.m2/repository/org/eclipse/sisu/org.eclipse.sisu.inject/0.9.0.M2/org.eclipse.sisu.inject-0.9.0.M2.jar:/home/jorden/.m2/repository/io/quarkus/quarkus-junit5-properties/3.8.1/quarkus-junit5-properties-3.8.1.jar:/home/jorden/.m2/repository/org/junit/jupiter/junit-jupiter/5.10.1/junit-jupiter-5.10.1.jar:/home/jorden/.m2/repository/org/junit/jupiter/junit-jupiter-api/5.10.1/junit-jupiter-api-5.10.1.jar:/home/jorden/.m2/repository/org/opentest4j/opentest4j/1.3.0/opentest4j-1.3.0.jar:/home/jorden/.m2/repository/org/junit/platform/junit-platform-commons/1.10.1/junit-platform-commons-1.10.1.jar:/home/jorden/.m2/repository/org/apiguardian/apiguardian-api/1.1.2/apiguardian-api-1.1.2.jar:/home/jorden/.m2/repository/org/junit/jupiter/junit-jupiter-params/5.10.1/junit-jupiter-params-5.10.1.jar:/home/jorden/.m2/repository/org/junit/jupiter/junit-jupiter-engine/5.10.1/junit-jupiter-engine-5.10.1.jar:/home/jorden/.m2/repository/org/junit/platform/junit-platform-engine/1.10.1/junit-platform-engine-1.10.1.jar:/home/jorden/.m2/repository/com/thoughtworks/xstream/xstream/1.4.20/xstream-1.4.20.jar:/home/jorden/.m2/repository/io/github/x-stream/mxparser/1.2.2/mxparser-1.2.2.jar:/home/jorden/.m2/repository/xmlpull/xmlpull/1.1.3.1/xmlpull-1.1.3.1.jar:/home/jorden/.m2/repository/io/rest-assured/rest-assured/5.4.0/rest-assured-5.4.0.jar:/home/jorden/.m2/repository/org/apache/groovy/groovy/4.0.16/groovy-4.0.16.jar:/home/jorden/.m2/repository/org/apache/groovy/groovy-xml/4.0.16/groovy-xml-4.0.16.jar:/home/jorden/.m2/repository/org/apache/httpcomponents/httpclient/4.5.14/httpclient-4.5.14.jar:/home/jorden/.m2/repository/org/apache/httpcomponents/httpcore/4.4.16/httpcore-4.4.16.jar:/home/jorden/.m2/repository/commons-codec/commons-codec/1.16.1/commons-codec-1.16.1.jar:/home/jorden/.m2/repository/org/apache/httpcomponents/httpmime/4.5.14/httpmime-4.5.14.jar:/home/jorden/.m2/repository/org/hamcrest/hamcrest/2.2/hamcrest-2.2.jar:/home/jorden/.m2/repository/org/ccil/cowan/tagsoup/tagsoup/1.2.1/tagsoup-1.2.1.jar:/home/jorden/.m2/repository/io/rest-assured/json-path/5.4.0/json-path-5.4.0.jar:/home/jorden/.m2/repository/org/apache/groovy/groovy-json/4.0.16/groovy-json-4.0.16.jar:/home/jorden/.m2/repository/io/rest-assured/rest-assured-common/5.4.0/rest-assured-common-5.4.0.jar:/home/jorden/.m2/repository/io/rest-assured/xml-path/5.4.0/xml-path-5.4.0.jar:/home/jorden/.m2/repository/org/awaitility/awaitility/4.2.0/awaitility-4.2.0.jar:/home/jorden/.m2/repository/io/quarkus/quarkus-jacoco/3.8.1/quarkus-jacoco-3.8.1.jar:/home/jorden/.m2/repository/org/jacoco/org.jacoco.core/0.8.11/org.jacoco.core-0.8.11.jar:/home/jorden/.m2/repository/org/ow2/asm/asm/9.6/asm-9.6.jar:/home/jorden/.m2/repository/org/ow2/asm/asm-tree/9.6/asm-tree-9.6.jar:/home/jorden/.m2/repository/org/jacoco/org.jacoco.report/0.8.11/org.jacoco.report-0.8.11.jar:/home/jorden/.m2/repository/org/jacoco/org.jacoco.agent/0.8.11/org.jacoco.agent-0.8.11.jar:/home/jorden/.m2/repository/org/jacoco/org.jacoco.agent/0.8.11/org.jacoco.agent-0.8.11-runtime.jar:/home/jorden/.m2/repository/org/ow2/asm/asm-commons/9.6/asm-commons-9.6.jar:/home/jorden/.m2/repository/org/assertj/assertj-core/3.25.3/assertj-core-3.25.3.jar:/home/jorden/.m2/repository/net/bytebuddy/byte-buddy/1.14.11/byte-buddy-1.14.11.jar:"/>
    <property name="sun.cpu.endian" value="little"/>
    <property name="vertx.disableWebsockets" value="true"/>
    <property name="user.home" value="/home/jorden"/>
    <property name="user.language" value="en"/>
    <property name="jboss.log-version" value="false"/>
    <property name="mp.openapi.extensions.smallrye.defaultPrimitivesConsumes" value="text/plain"/>
    <property name="java.specification.vendor" value="Oracle Corporation"/>
    <property name="io.netty.allocator.maxOrder" value="3"/>
    <property name="java.version.date" value="2024-01-16"/>
    <property name="java.home" value="/home/jorden/tools/zulu21.32.17-ca-jdk21.0.2-linux_x64"/>
    <property name="file.separator" value="/"/>
    <property name="basedir" value="/home/jorden/projects/portal/onecx-welcome-bff"/>
    <property name="java.vm.compressedOopsMode" value="Zero based"/>
    <property name="line.separator" value="&#10;"/>
    <property name="java.vm.specification.vendor" value="Oracle Corporation"/>
    <property name="java.specification.name" value="Java Platform API Specification"/>
    <property name="%test.quarkus.http.port" value="41831"/>
    <property name="surefire.real.class.path" value="/home/jorden/projects/portal/onecx-welcome-bff/target/surefire/surefirebooter-20240301160657677_3.jar"/>
    <property name="mp.openapi.extensions.smallrye.defaultStreamingConsumes" value="application/octet-stream"/>
    <property name="sun.management.compiler" value="HotSpot 64-Bit Tiered Compilers"/>
    <property name="mp.openapi.extensions.smallrye.defaultPrimitivesProduces" value="text/plain"/>
    <property name="java.runtime.version" value="21.0.2+13-LTS"/>
    <property name="quarkus.jacoco.excludes" value="**/model*/**/*.*,**/resources/**/*.*,**/JaxRsActivator*,**/mapper/**,**/mappers/**,**/gen/**,**/dtos/**,**/dto/**"/>
    <property name="user.name" value="jorden"/>
    <property name="stdout.encoding" value="UTF-8"/>
    <property name="path.separator" value=":"/>
    <property name="os.version" value="5.10.102.1-microsoft-standard-WSL2"/>
    <property name="java.runtime.name" value="OpenJDK Runtime Environment"/>
    <property name="file.encoding" value="UTF-8"/>
    <property name="java.vm.name" value="OpenJDK 64-Bit Server VM"/>
    <property name="java.vendor.version" value="Zulu21.32+17-CA"/>
    <property name="localRepository" value="/home/jorden/.m2/repository"/>
    <property name="java.vendor.url.bug" value="http://www.azul.com/support/"/>
    <property name="java.io.tmpdir" value="/tmp"/>
    <property name="quarkus.log.file.path" value="target/quarkus.log"/>
    <property name="java.version" value="21.0.2"/>
    <property name="mp.openapi.extensions.smallrye.defaultStreamingProduces" value="application/octet-stream"/>
    <property name="java.util.concurrent.ForkJoinPool.common.threadFactory" value="io.quarkus.bootstrap.forkjoin.QuarkusForkJoinWorkerThreadFactory"/>
    <property name="user.dir" value="/home/jorden/projects/portal/onecx-welcome-bff"/>
    <property name="os.arch" value="amd64"/>
    <property name="java.vm.specification.name" value="Java Virtual Machine Specification"/>
    <property name="vertx.disableDnsResolver" value="true"/>
    <property name="native.encoding" value="UTF-8"/>
    <property name="java.util.logging.manager" value="org.jboss.logmanager.LogManager"/>
    <property name="java.library.path" value="/usr/java/packages/lib:/usr/lib64:/lib64:/lib:/usr/lib"/>
    <property name="java.vm.info" value="mixed mode, sharing"/>
    <property name="stderr.encoding" value="UTF-8"/>
    <property name="java.vendor" value="Azul Systems, Inc."/>
    <property name="vertx.disableTCCL" value="true"/>
    <property name="java.vm.version" value="21.0.2+13-LTS"/>
    <property name="https.protocols" value="TLSv1,TLSv1.1,TLSv1.2"/>
    <property name="sun.io.unicode.encoding" value="UnicodeLittle"/>
    <property name="io.netty.machineId" value="cd:5b:3f:34:ee:f3:6b:63"/>
    <property name="java.class.version" value="65.0"/>
    <property name="jacoco-agent.destfile" value="/home/jorden/projects/portal/onecx-welcome-bff/target/jacoco-quarkus.exec"/>
    <property name="quarkus.http.port" value="41831"/>
    <property name="mp.openapi.extensions.smallrye.defaultConsumes" value="application/json"/>
  </properties>
  <testcase name="getImageInfoByIdTest" classname="org.tkit.onecx.welcome.bff.rs.ImageRestControllerTest" time="3.2">
    <system-out><![CDATA[2024-03-01 16:07:05,184 WARN  [io.qua.agr.dep.AgroalProcessor] (build-30) The Agroal dependency is present but no JDBC datasources have been defined.
2024-03-01 16:07:05,597 WARN  [io.qua.dat.dep.dev.DevServicesDatasourceProcessor] (build-16) Unable to determine a database type for default datasource
2024-03-01 16:07:05,667 WARN  [io.qua.hib.orm.dep.HibernateOrmProcessor] (build-20) Hibernate ORM is disabled because no JPA entities were found
2024-03-01 16:07:05,959 INFO  [org.tes.doc.DockerClientProviderStrategy] (build-33) Loaded org.testcontainers.dockerclient.UnixSocketClientProviderStrategy from ~/.testcontainers.properties, will try it first
2024-03-01 16:07:06,337 INFO  [org.tes.doc.DockerClientProviderStrategy] (build-33) Found Docker environment with local Unix socket (unix:///var/run/docker.sock)
2024-03-01 16:07:06,371 INFO  [org.tes.DockerClientFactory] (build-33) Docker host IP address is 172.17.0.1
2024-03-01 16:07:06,397 INFO  [org.tes.DockerClientFactory] (build-33) Connected to docker: 
  Server Version: 24.0.7
  API Version: 1.43
  Operating System: Ubuntu 20.04.6 LTS
  Total Memory: 25385 MB
2024-03-01 16:07:06,416 INFO  [org.tes.ima.PullPolicy] (build-33) Image pull policy will be performed by: DefaultPullPolicy()
2024-03-01 16:07:06,419 INFO  [org.tes.uti.ImageNameSubstitutor] (build-33) Image name substitution will be performed by: DefaultImageNameSubstitutor (composite of 'ConfigurationFileImageNameSubstitutor' and 'PrefixingImageNameSubstitutor')
2024-03-01 16:07:06,430 INFO  [org.tes.DockerClientFactory] (build-33) Checking the system...
2024-03-01 16:07:06,431 INFO  [org.tes.DockerClientFactory] (build-33) ✔︎ Docker server version should be at least 1.6.0
2024-03-01 16:07:06,441 INFO  [io.qua.oid.dep.dev.key.KeycloakDevServicesProcessor] (build-27) Using Quarkus powered Keycloak distribution
2024-03-01 16:07:06,445 INFO  [io.qua.moc.dev.DevServicesMockServerProcessor] (build-33) MockServer configuration local file 'MockServer configuration class-path file '%s' mount to '/config/mockserver.properties' container file.' mount to '/config/mockserver.properties' container file.
2024-03-01 16:07:06,445 INFO  [io.qua.moc.dev.DevServicesMockServerProcessor] (build-33) MockServer configuration class-path directory '/mockserver' mount to '/mockserver' container directory.
2024-03-01 16:07:06,768 INFO  [tc.moc.15.0] (build-33) Creating container for image: mockserver/mockserver:5.15.0
2024-03-01 16:07:06,788 INFO  [tc.qua.io/.0.7] (build-27) Pulling docker image: quay.io/keycloak/keycloak:23.0.7. Please be patient; this may take some time but only needs to be done once.
2024-03-01 16:07:06,845 INFO  [org.tes.uti.RegistryAuthLocator] (build-33) Failure when attempting to lookup auth config. Please ignore if you don't have images in an authenticated registry. Details: (dockerImageName: mockserver/mockserver:5.15.0, configFile: /home/jorden/.docker/config.json, configEnv: DOCKER_AUTH_CONFIG). Falling back to docker-java default behaviour. Exception message: Could not execute [docker-credential-desktop.exe, get]. Error=2, No such file or directory
2024-03-01 16:07:06,858 INFO  [tc.tes.6.0] (build-33) Creating container for image: testcontainers/ryuk:0.6.0
2024-03-01 16:07:06,924 INFO  [org.tes.uti.RegistryAuthLocator] (build-27) Failure when attempting to lookup auth config. Please ignore if you don't have images in an authenticated registry. Details: (dockerImageName: quay.io/keycloak/keycloak:latest, configFile: /home/jorden/.docker/config.json, configEnv: DOCKER_AUTH_CONFIG). Falling back to docker-java default behaviour. Exception message: Could not execute [docker-credential-desktop.exe, get]. Error=2, No such file or directory
2024-03-01 16:07:07,084 INFO  [tc.tes.6.0] (build-33) Container testcontainers/ryuk:0.6.0 is starting: 4f41294d2ffa06b9642d45f2fc7240f339dfc27c2c767a0721e31a0614ce8abd
2024-03-01 16:07:07,890 INFO  [tc.tes.6.0] (build-33) Container testcontainers/ryuk:0.6.0 started in PT1.032507738S
2024-03-01 16:07:07,964 WARN  [tc.moc.15.0] (build-33) Reuse was requested but the environment does not support the reuse of containers
To enable reuse of containers, you must set 'testcontainers.reuse.enable=true' in a file located at /home/jorden/.testcontainers.properties
2024-03-01 16:07:08,098 INFO  [tc.moc.15.0] (build-33) Container mockserver/mockserver:5.15.0 is starting: 6a5620d032201958a39686bcb98eb9f293a093bb0f604eaf7c2e40ceaf128ed6
2024-03-01 16:07:09,710 INFO  [tc.qua.io/.0.7] (docker-java-stream--136142204) Starting to pull image
2024-03-01 16:07:09,729 INFO  [tc.qua.io/.0.7] (docker-java-stream--136142204) Pulling image layers:  0 pending,  0 downloaded,  0 extracted, (0 bytes/0 bytes)
2024-03-01 16:07:09,857 INFO  [tc.moc.15.0] (build-33) Container mockserver/mockserver:5.15.0 started in PT3.089507811S
2024-03-01 16:07:09,859 INFO  [io.qua.moc.dev.DevServicesMockServerProcessor] (build-33) The mock-server server is ready to accept connections on http://172.17.0.1:32801
2024-03-01 16:07:09,860 INFO  [io.qua.moc.dev.DevServicesMockServerProcessor] (build-33) The mock-server dashboard http://172.17.0.1:32801/mockserver/dashboard
2024-03-01 16:07:11,282 INFO  [tc.qua.io/.0.7] (docker-java-stream--136142204) Pulling image layers:  3 pending,  1 downloaded,  0 extracted, (551 bytes/? MB)
2024-03-01 16:07:27,295 INFO  [tc.qua.io/.0.7] (docker-java-stream--136142204) Pulling image layers:  2 pending,  2 downloaded,  0 extracted, (185 MB/? MB)
2024-03-01 16:07:30,649 INFO  [tc.qua.io/.0.7] (docker-java-stream--136142204) Pulling image layers:  2 pending,  2 downloaded,  1 extracted, (223 MB/? MB)
2024-03-01 16:07:32,165 INFO  [tc.qua.io/.0.7] (docker-java-stream--136142204) Pulling image layers:  1 pending,  3 downloaded,  1 extracted, (242 MB/? MB)
2024-03-01 16:07:33,999 INFO  [tc.qua.io/.0.7] (docker-java-stream--136142204) Pulling image layers:  1 pending,  3 downloaded,  2 extracted, (243 MB/? MB)
2024-03-01 16:07:34,067 INFO  [tc.qua.io/.0.7] (docker-java-stream--136142204) Pulling image layers:  1 pending,  3 downloaded,  3 extracted, (243 MB/? MB)
2024-03-01 16:07:34,116 INFO  [tc.qua.io/.0.7] (build-27) Image quay.io/keycloak/keycloak:23.0.7 pull took PT27.327520018S
2024-03-01 16:07:34,116 INFO  [tc.qua.io/.0.7] (docker-java-stream--136142204) Pull complete. 4 layers, pulled in 24s (downloaded 243 MB at 10 MB/s)
2024-03-01 16:07:34,120 INFO  [tc.qua.io/.0.7] (build-27) Creating container for image: quay.io/keycloak/keycloak:23.0.7
2024-03-01 16:07:34,486 INFO  [tc.qua.io/.0.7] (build-27) Container quay.io/keycloak/keycloak:23.0.7 is starting: 9dd76d42bd5f7c4e07cf3b01a53592ba57c8dffae6b3cf5e206c833ffea82ed5
2024-03-01 16:08:03,690 INFO  [tc.qua.io/.0.7] (build-27) Container quay.io/keycloak/keycloak:23.0.7 started in PT29.569602708S
2024-03-01 16:08:06,634 INFO  [io.qua.oid.dep.dev.key.KeycloakDevServicesProcessor] (build-27) Dev Services for Keycloak started.
2024-03-01 16:08:07,251 INFO  [org.moc.con.ConfigurationProperties] (main) Reading properties from property file [mockserver.properties]:
  mockserver.sslSubjectAlternativeNameDomains = www.example.com,www.another.com
  mockserver.watchInitializationJson = true
  mockserver.directoryToSaveDynamicSSLCertificate = .
  mockserver.dynamicallyCreateCertificateAuthorityCertificate = true
  mockserver.sslCertificateDomainName = localhost
  mockserver.sslSubjectAlternativeNameIps = 127.0.0.1
  mockserver.initializationJsonPath = /mockserver/*.json

2024-03-01 16:08:07,512 WARN  [io.qua.config] (main) Unrecognized configuration key "quarkus.openapi-generator.codegen.spec.onecx_permission_v1_yaml.config-key" was provided; it will be ignored; verify that the dependency extension for this configuration is set or that you did not make a typo
2024-03-01 16:08:07,514 WARN  [io.qua.config] (main) Unrecognized configuration key "quarkus.openapi-generator.codegen.spec.onecx_welcome_internal_yaml.config-key" was provided; it will be ignored; verify that the dependency extension for this configuration is set or that you did not make a typo
2024-03-01 16:08:08,548 WARN  [io.qua.ope.run.tra.int.ver.OpenTelemetryVertxTracingFactory$VertxDelegator] (vert.x-eventloop-thread-1) VertxTracer delegate not set. Will not submit this trace. SpanKind: RPC; Request: io.vertx.core.http.impl.HttpRequestHead@447e87bd; Operation:GET.
2024-03-01 16:08:08,613 WARN  [io.qua.ope.run.tra.int.ver.OpenTelemetryVertxTracingFactory$VertxDelegator] (vert.x-eventloop-thread-1) VertxTracer delegate not set. Will not submit this trace. Response: io.vertx.core.http.impl.HttpResponseHead@78b9299a; Failure: null.
2024-03-01 16:08:08,663 WARN  [io.qua.ope.run.tra.int.ver.OpenTelemetryVertxTracingFactory$VertxDelegator] (vert.x-eventloop-thread-1) VertxTracer delegate not set. Will not submit this trace. SpanKind: RPC; Request: io.vertx.core.http.impl.HttpRequestHead@52736d59; Operation:GET.
2024-03-01 16:08:08,679 WARN  [io.qua.ope.run.tra.int.ver.OpenTelemetryVertxTracingFactory$VertxDelegator] (vert.x-eventloop-thread-1) VertxTracer delegate not set. Will not submit this trace. Response: io.vertx.core.http.impl.HttpResponseHead@428c97fd; Failure: null.
2024-03-01 16:08:08,730 WARN  [io.qua.ope.run.tra.int.ver.OpenTelemetryVertxTracingFactory$VertxDelegator] (vert.x-eventloop-thread-1) VertxTracer delegate not set. Will not submit this trace. SpanKind: RPC; Request: io.vertx.core.http.impl.HttpRequestHead@551ba85e; Operation:GET.
2024-03-01 16:08:08,741 WARN  [io.qua.ope.run.tra.int.ver.OpenTelemetryVertxTracingFactory$VertxDelegator] (vert.x-eventloop-thread-1) VertxTracer delegate not set. Will not submit this trace. Response: io.vertx.core.http.impl.HttpResponseHead@32431643; Failure: null.
2024-03-01 16:08:09,067 INFO  [io.quarkus] (main) onecx-welcome-bff 999-SNAPSHOT on JVM (powered by Quarkus 3.8.1) started in 65.477s. Listening on: http://0.0.0.0:41831
2024-03-01 16:08:09,068 INFO  [io.quarkus] (main) Profile test activated. 
2024-03-01 16:08:09,068 INFO  [io.quarkus] (main) Installed features: [agroal, cache, cdi, hibernate-orm, hibernate-validator, jacoco, micrometer, narayana-jta, oidc, oidc-client, oidc-client-reactive-filter, onecx-permissions, onecx-security, opentelemetry, qute, rest-client-reactive, rest-client-reactive-jackson, resteasy-reactive, resteasy-reactive-jackson, security, smallrye-context-propagation, smallrye-health, smallrye-jwt, smallrye-openapi, swagger-ui, tkit-jpa, tkit-json-log, tkit-log-cdi, tkit-log-rs, tkit-rest-context, vertx]
2024-03-01 16:08:12,700 INFO  [org.tki.qua.log.rs.RestClientLogInterceptor] (vert.x-eventloop-thread-4) POST http://172.17.0.1:32801/v1/permissions/user/applications/onecx-welcome-bff [200] [0.054s]
2024-03-01 16:08:12,854 INFO  [org.tki.qua.log.rs.RestClientLogInterceptor] (vert.x-eventloop-thread-4) GET http://172.17.0.1:32801/internal/images/info/11-111 [200] [0.059s]
2024-03-01 16:08:12,861 INFO  [org.tki.one.wel.bff.rs.con.ImagesRestController] (executor-thread-1) getImageInfoById(11-111):Response:200 [0.110s]
2024-03-01 16:08:12,863 INFO  [org.tki.one.wel.bff.rs.con.ImagesRestController] (executor-thread-1) GET /images/info/11-111 [200] [0.134s]
]]></system-out>
    <system-err><![CDATA[Handler org.mockserver.logging.StandardOutConsoleHandler is not defined
Handler org.mockserver.logging.StandardOutConsoleHandler is not defined
]]></system-err>
  </testcase>
  <testcase name="deleteImageInfoByIdTest" classname="org.tkit.onecx.welcome.bff.rs.ImageRestControllerTest" time="1.177">
    <system-out><![CDATA[2024-03-01 16:08:14,106 INFO  [org.tki.qua.log.rs.RestClientLogInterceptor] (vert.x-eventloop-thread-5) POST http://172.17.0.1:32801/v1/permissions/user/applications/onecx-welcome-bff [200] [0.008s]
2024-03-01 16:08:14,133 INFO  [org.tki.qua.log.rs.RestClientLogInterceptor] (vert.x-eventloop-thread-5) DELETE http://172.17.0.1:32801/internal/images/info/11-111 [204] [0.021s]
2024-03-01 16:08:14,134 INFO  [org.tki.one.wel.bff.rs.con.ImagesRestController] (executor-thread-1) deleteImageInfoById(11-111):Response:204 [0.022s]
2024-03-01 16:08:14,134 INFO  [org.tki.one.wel.bff.rs.con.ImagesRestController] (executor-thread-1) DELETE /images/info/11-111 [204] [0.023s]
]]></system-out>
  </testcase>
  <testcase name="createImageInfoTest" classname="org.tkit.onecx.welcome.bff.rs.ImageRestControllerTest" time="1.27">
    <system-out><![CDATA[2024-03-01 16:08:14,375 SEVERE [io.qua.ope.run.exp.otl.VertxGrpcExporter] (vert.x-eventloop-thread-10) Failed to export spans. The request could not be executed. Full error message: Connection refused: localhost/127.0.0.1:4317
2024-03-01 16:08:15,334 INFO  [org.tki.qua.log.rs.RestClientLogInterceptor] (vert.x-eventloop-thread-4) POST http://172.17.0.1:32801/v1/permissions/user/applications/onecx-welcome-bff [200] [0.007s]
2024-03-01 16:08:15,401 INFO  [org.tki.qua.log.rs.RestClientLogInterceptor] (vert.x-eventloop-thread-4) POST http://172.17.0.1:32801/internal/images/info [201] [0.038s]
2024-03-01 16:08:15,403 INFO  [org.tki.one.wel.bff.rs.con.ImagesRestController] (executor-thread-1) createImageInfo(class ImageInfoDTO {
    position: 1
    visible: null
    url: someUrl
    imageId: null
    id: null
    modificationCount: null
    creationDate: null
    creationUser: null
    modificationDate: null
    modificationUser: null
}):Response:201 [0.056s]
2024-03-01 16:08:15,403 INFO  [org.tki.one.wel.bff.rs.con.ImagesRestController] (executor-thread-1) POST /images/info [201] [0.061s]
]]></system-out>
  </testcase>
  <testcase name="getAllImageInfosTest" classname="org.tkit.onecx.welcome.bff.rs.ImageRestControllerTest" time="1.191">
    <system-out><![CDATA[2024-03-01 16:08:16,562 INFO  [org.tki.qua.log.rs.RestClientLogInterceptor] (vert.x-eventloop-thread-5) POST http://172.17.0.1:32801/v1/permissions/user/applications/onecx-welcome-bff [200] [0.005s]
2024-03-01 16:08:16,582 INFO  [org.tki.qua.log.rs.RestClientLogInterceptor] (vert.x-eventloop-thread-5) GET http://172.17.0.1:32801/internal/images/info [200] [0.017s]
2024-03-01 16:08:16,583 INFO  [org.tki.one.wel.bff.rs.con.ImagesRestController] (executor-thread-1) getAllImageInfos():Response:200 [0.019s]
2024-03-01 16:08:16,583 INFO  [org.tki.one.wel.bff.rs.con.ImagesRestController] (executor-thread-1) GET /images/info [200] [0.019s]
]]></system-out>
  </testcase>
  <testcase name="updateImageDataByIdTest" classname="org.tkit.onecx.welcome.bff.rs.ImageRestControllerTest" time="2.528">
    <system-out><![CDATA[2024-03-01 16:08:17,778 INFO  [org.tki.qua.log.rs.RestClientLogInterceptor] (vert.x-eventloop-thread-4) POST http://172.17.0.1:32801/v1/permissions/user/applications/onecx-welcome-bff [200] [0.007s]
2024-03-01 16:08:17,900 INFO  [org.tki.qua.log.rs.RestClientLogInterceptor] (vert.x-eventloop-thread-4) PUT http://172.17.0.1:32801/internal/images/d-11-111 [200] [0.076s]
2024-03-01 16:08:17,909 INFO  [org.tki.one.wel.bff.rs.con.ImagesRestController] (executor-thread-1) updateImageById(d-11-111,31292,byte[][31292]):Response:200 [0.126s]
2024-03-01 16:08:17,910 INFO  [org.tki.one.wel.bff.rs.con.ImagesRestController] (executor-thread-1) PUT /images/d-11-111 [200] [0.129s]
2024-03-01 16:08:19,077 INFO  [org.tki.qua.log.rs.RestClientLogInterceptor] (vert.x-eventloop-thread-5) POST http://172.17.0.1:32801/v1/permissions/user/applications/onecx-welcome-bff [200] [0.009s]
2024-03-01 16:08:19,125 INFO  [org.tki.qua.log.rs.RestClientLogInterceptor] (vert.x-eventloop-thread-5) PUT http://172.17.0.1:32801/internal/images/not-existing [404] [0.035s]
2024-03-01 16:08:19,127 ERROR [org.tki.one.wel.bff.rs.con.ImagesRestController] (executor-thread-1) updateImageById(not-existing,31292,byte[][31292]) throw ClientWebApplicationException:Received: 'Not Found, status code 404' when invoking: Rest Client method: 'gen.org.tkit.onecx.welcome.client.api.ImagesInternalApi#updateImageById' [0.046s]
2024-03-01 16:08:19,128 ERROR [org.tki.one.wel.bff.rs.con.ImagesRestController] (executor-thread-1) : org.jboss.resteasy.reactive.ClientWebApplicationException: Received: 'Not Found, status code 404' when invoking: Rest Client method: 'gen.org.tkit.onecx.welcome.client.api.ImagesInternalApi#updateImageById'
	at org.jboss.resteasy.reactive.client.impl.RestClientRequestContext.unwrapException(RestClientRequestContext.java:186)
	at org.jboss.resteasy.reactive.common.core.AbstractResteasyReactiveContext.handleException(AbstractResteasyReactiveContext.java:326)
	at org.jboss.resteasy.reactive.common.core.AbstractResteasyReactiveContext.run(AbstractResteasyReactiveContext.java:175)
	at org.jboss.resteasy.reactive.client.impl.RestClientRequestContext$1.lambda$execute$0(RestClientRequestContext.java:303)
	at io.vertx.core.impl.ContextInternal.dispatch(ContextInternal.java:276)
	at io.vertx.core.impl.ContextInternal.dispatch(ContextInternal.java:258)
	at io.vertx.core.impl.ContextInternal.lambda$runOnContext$0(ContextInternal.java:56)
	at io.netty.util.concurrent.AbstractEventExecutor.runTask(AbstractEventExecutor.java:173)
	at io.netty.util.concurrent.AbstractEventExecutor.safeExecute(AbstractEventExecutor.java:166)
	at io.netty.util.concurrent.SingleThreadEventExecutor.runAllTasks(SingleThreadEventExecutor.java:470)
	at io.netty.channel.nio.NioEventLoop.run(NioEventLoop.java:569)
	at io.netty.util.concurrent.SingleThreadEventExecutor$4.run(SingleThreadEventExecutor.java:997)
	at io.netty.util.internal.ThreadExecutorMap$2.run(ThreadExecutorMap.java:74)
	at io.netty.util.concurrent.FastThreadLocalRunnable.run(FastThreadLocalRunnable.java:30)
	at java.base/java.lang.Thread.run(Thread.java:1583)
Caused by: jakarta.ws.rs.WebApplicationException: Not Found, status code 404
	at org.tkit.onecx.welcome.bff.rs.controllers.ImagesRestController.updateImageById(ImagesRestController.java:91)
	at org.tkit.onecx.welcome.bff.rs.controllers.ImagesRestController_Subclass.updateImageById$$superforward(Unknown Source)
	at org.tkit.onecx.welcome.bff.rs.controllers.ImagesRestController_Subclass$$function$$8.apply(Unknown Source)
	at io.quarkus.arc.impl.AroundInvokeInvocationContext.proceed(AroundInvokeInvocationContext.java:73)
	at io.quarkus.arc.impl.AroundInvokeInvocationContext$NextAroundInvokeInvocationContext.proceed(AroundInvokeInvocationContext.java:97)
	at io.quarkus.hibernate.validator.runtime.interceptor.AbstractMethodValidationInterceptor.validateMethodInvocation(AbstractMethodValidationInterceptor.java:71)
	at io.quarkus.hibernate.validator.runtime.jaxrs.ResteasyReactiveEndPointValidationInterceptor.validateMethodInvocation(ResteasyReactiveEndPointValidationInterceptor.java:21)
	at io.quarkus.hibernate.validator.runtime.jaxrs.ResteasyReactiveEndPointValidationInterceptor_Bean.intercept(Unknown Source)
	at io.quarkus.arc.impl.InterceptorInvocation.invoke(InterceptorInvocation.java:42)
	at io.quarkus.arc.impl.AroundInvokeInvocationContext.proceed(AroundInvokeInvocationContext.java:70)
	at io.quarkus.arc.impl.AroundInvokeInvocationContext$NextAroundInvokeInvocationContext.proceed(AroundInvokeInvocationContext.java:97)
	at org.tkit.quarkus.log.cdi.interceptor.LogServiceInterceptor.methodExecution(LogServiceInterceptor.java:101)
	at org.tkit.quarkus.log.cdi.interceptor.LogServiceInterceptor_Bean.intercept(Unknown Source)
	at io.quarkus.arc.impl.InterceptorInvocation.invoke(InterceptorInvocation.java:42)
	at io.quarkus.arc.impl.AroundInvokeInvocationContext.proceed(AroundInvokeInvocationContext.java:70)
	at io.quarkus.arc.impl.AroundInvokeInvocationContext$NextAroundInvokeInvocationContext.proceed(AroundInvokeInvocationContext.java:97)
	at io.quarkus.security.runtime.interceptor.SecurityHandler.handle(SecurityHandler.java:47)
	at io.quarkus.security.runtime.interceptor.PermissionsAllowedInterceptor.intercept(PermissionsAllowedInterceptor.java:26)
	at io.quarkus.security.runtime.interceptor.PermissionsAllowedInterceptor_Bean.intercept(Unknown Source)
	at io.quarkus.arc.impl.InterceptorInvocation.invoke(InterceptorInvocation.java:42)
	at io.quarkus.arc.impl.AroundInvokeInvocationContext.proceed(AroundInvokeInvocationContext.java:70)
	at io.quarkus.arc.impl.AroundInvokeInvocationContext$NextAroundInvokeInvocationContext.proceed(AroundInvokeInvocationContext.java:97)
	at io.quarkus.narayana.jta.runtime.interceptor.TransactionalInterceptorBase.invokeInNoTx(TransactionalInterceptorBase.java:344)
	at io.quarkus.narayana.jta.runtime.interceptor.TransactionalInterceptorNotSupported.doIntercept(TransactionalInterceptorNotSupported.java:39)
	at io.quarkus.narayana.jta.runtime.interceptor.TransactionalInterceptorBase.intercept(TransactionalInterceptorBase.java:61)
	at io.quarkus.narayana.jta.runtime.interceptor.TransactionalInterceptorNotSupported.intercept(TransactionalInterceptorNotSupported.java:26)
	at io.quarkus.narayana.jta.runtime.interceptor.TransactionalInterceptorNotSupported_Bean.intercept(Unknown Source)
	at io.quarkus.arc.impl.InterceptorInvocation.invoke(InterceptorInvocation.java:42)
	at io.quarkus.arc.impl.AroundInvokeInvocationContext.proceed(AroundInvokeInvocationContext.java:70)
	at io.quarkus.arc.impl.AroundInvokeInvocationContext.proceed(AroundInvokeInvocationContext.java:62)
	at io.quarkus.resteasy.reactive.server.runtime.StandardSecurityCheckInterceptor.intercept(StandardSecurityCheckInterceptor.java:44)
	at io.quarkus.resteasy.reactive.server.runtime.StandardSecurityCheckInterceptor_PermissionsAllowedInterceptor_Bean.intercept(Unknown Source)
	at io.quarkus.arc.impl.InterceptorInvocation.invoke(InterceptorInvocation.java:42)
	at io.quarkus.arc.impl.AroundInvokeInvocationContext.perform(AroundInvokeInvocationContext.java:30)
	at io.quarkus.arc.impl.InvocationContexts.performAroundInvoke(InvocationContexts.java:27)
	at org.tkit.onecx.welcome.bff.rs.controllers.ImagesRestController_Subclass.updateImageById(Unknown Source)
	at org.tkit.onecx.welcome.bff.rs.controllers.ImagesRestController_ClientProxy.updateImageById(Unknown Source)
	at gen.org.tkit.onecx.welcome.bff.rs.internal.ImagesInternalApiService$quarkusrestinvoker$updateImageById_4e85a1c480ecdd984eeb69ce06e9bb45687379c7.invoke(Unknown Source)
	at org.jboss.resteasy.reactive.server.handlers.InvocationHandler.handle(InvocationHandler.java:29)
	at io.quarkus.resteasy.reactive.server.runtime.QuarkusResteasyReactiveRequestContext.invokeHandler(QuarkusResteasyReactiveRequestContext.java:141)
	at org.jboss.resteasy.reactive.common.core.AbstractResteasyReactiveContext.run(AbstractResteasyReactiveContext.java:147)
	at io.quarkus.vertx.core.runtime.VertxCoreRecorder$14.runWith(VertxCoreRecorder.java:582)
	at org.jboss.threads.EnhancedQueueExecutor$Task.run(EnhancedQueueExecutor.java:2513)
	at org.jboss.threads.EnhancedQueueExecutor$ThreadBody.run(EnhancedQueueExecutor.java:1538)
	at org.jboss.threads.DelegatingRunnable.run(DelegatingRunnable.java:29)
	at org.jboss.threads.ThreadLocalResettingRunnable.run(ThreadLocalResettingRunnable.java:29)
	... 2 more

2024-03-01 16:08:19,130 INFO  [org.tki.one.wel.bff.rs.con.ImagesRestController] (executor-thread-1) restException(ClientWebApplicationException:Received: 'Not Found, status code 404' when invoking: Rest Client method: 'gen.org.tkit.onecx.welcome.client.api.ImagesInternalApi#updateImageById'):Response:404 [0.000s]
2024-03-01 16:08:19,131 INFO  [org.tki.one.wel.bff.rs.con.ImagesRestController] (executor-thread-1) PUT /images/not-existing [404] [0.052s]
]]></system-out>
  </testcase>
  <testcase name="getImageDataByIdTest" classname="org.tkit.onecx.welcome.bff.rs.ImageRestControllerTest" time="1.169">
    <system-out><![CDATA[2024-03-01 16:08:20,171 SEVERE [io.qua.ope.run.exp.otl.VertxGrpcExporter] (vert.x-eventloop-thread-10) Failed to export spans. The request could not be executed. Full error message: Connection refused: localhost/127.0.0.1:4317
2024-03-01 16:08:20,276 INFO  [org.tki.qua.log.rs.RestClientLogInterceptor] (vert.x-eventloop-thread-4) POST http://172.17.0.1:32801/v1/permissions/user/applications/onecx-welcome-bff [200] [0.007s]
2024-03-01 16:08:20,295 INFO  [org.tki.qua.log.rs.RestClientLogInterceptor] (vert.x-eventloop-thread-4) GET http://172.17.0.1:32801/internal/images/d-11-111 [200] [0.015s]
2024-03-01 16:08:20,296 INFO  [org.tki.one.wel.bff.rs.con.ImagesRestController] (executor-thread-1) getImageById(d-11-111):Response:200 [0.017s]
2024-03-01 16:08:20,297 INFO  [org.tki.one.wel.bff.rs.con.ImagesRestController] (executor-thread-1) GET /images/d-11-111 [200] [0.018s]
]]></system-out>
  </testcase>
  <testcase name="createImageDataTest" classname="org.tkit.onecx.welcome.bff.rs.ImageRestControllerTest" time="1.195">
    <system-out><![CDATA[2024-03-01 16:08:21,442 INFO  [org.tki.qua.log.rs.RestClientLogInterceptor] (vert.x-eventloop-thread-5) POST http://172.17.0.1:32801/v1/permissions/user/applications/onecx-welcome-bff [200] [0.006s]
2024-03-01 16:08:21,486 INFO  [org.tki.qua.log.rs.RestClientLogInterceptor] (vert.x-eventloop-thread-5) POST http://172.17.0.1:32801/internal/images [200] [0.034s]
2024-03-01 16:08:21,490 INFO  [org.tki.one.wel.bff.rs.con.ImagesRestController] (executor-thread-1) createImage(31292,byte[][31292]):Response:200 [0.045s]
2024-03-01 16:08:21,491 INFO  [org.tki.one.wel.bff.rs.con.ImagesRestController] (executor-thread-1) POST /images [200] [0.047s]
]]></system-out>
  </testcase>
  <testcase name="testMaxUploadSize" classname="org.tkit.onecx.welcome.bff.rs.ImageRestControllerTest" time="0.169">
    <system-out><![CDATA[2024-03-01 16:08:21,595 INFO  [org.tki.qua.log.rs.RestClientLogInterceptor] (vert.x-eventloop-thread-4) POST http://172.17.0.1:32801/v1/permissions/user/applications/onecx-welcome-bff [200] [0.005s]
2024-03-01 16:08:21,657 ERROR [org.tki.one.wel.bff.rs.con.ImagesRestController] (executor-thread-1) createImage(110001,byte[][110001]) throw ResteasyReactiveViolationException:createImage.contentLength: must be less than or equal to 110000 [0.055s]
2024-03-01 16:08:21,657 ERROR [org.tki.one.wel.bff.rs.con.ImagesRestController] (executor-thread-1) : io.quarkus.hibernate.validator.runtime.jaxrs.ResteasyReactiveViolationException: createImage.contentLength: must be less than or equal to 110000
	at io.quarkus.hibernate.validator.runtime.jaxrs.ResteasyReactiveEndPointValidationInterceptor.validateMethodInvocation(ResteasyReactiveEndPointValidationInterceptor.java:23)
	at io.quarkus.hibernate.validator.runtime.jaxrs.ResteasyReactiveEndPointValidationInterceptor_Bean.intercept(Unknown Source)
	at io.quarkus.arc.impl.InterceptorInvocation.invoke(InterceptorInvocation.java:42)
	at io.quarkus.arc.impl.AroundInvokeInvocationContext.proceed(AroundInvokeInvocationContext.java:70)
	at io.quarkus.arc.impl.AroundInvokeInvocationContext$NextAroundInvokeInvocationContext.proceed(AroundInvokeInvocationContext.java:97)
	at org.tkit.quarkus.log.cdi.interceptor.LogServiceInterceptor.methodExecution(LogServiceInterceptor.java:101)
	at org.tkit.quarkus.log.cdi.interceptor.LogServiceInterceptor_Bean.intercept(Unknown Source)
	at io.quarkus.arc.impl.InterceptorInvocation.invoke(InterceptorInvocation.java:42)
	at io.quarkus.arc.impl.AroundInvokeInvocationContext.proceed(AroundInvokeInvocationContext.java:70)
	at io.quarkus.arc.impl.AroundInvokeInvocationContext$NextAroundInvokeInvocationContext.proceed(AroundInvokeInvocationContext.java:97)
	at io.quarkus.security.runtime.interceptor.SecurityHandler.handle(SecurityHandler.java:47)
	at io.quarkus.security.runtime.interceptor.PermissionsAllowedInterceptor.intercept(PermissionsAllowedInterceptor.java:26)
	at io.quarkus.security.runtime.interceptor.PermissionsAllowedInterceptor_Bean.intercept(Unknown Source)
	at io.quarkus.arc.impl.InterceptorInvocation.invoke(InterceptorInvocation.java:42)
	at io.quarkus.arc.impl.AroundInvokeInvocationContext.proceed(AroundInvokeInvocationContext.java:70)
	at io.quarkus.arc.impl.AroundInvokeInvocationContext$NextAroundInvokeInvocationContext.proceed(AroundInvokeInvocationContext.java:97)
	at io.quarkus.narayana.jta.runtime.interceptor.TransactionalInterceptorBase.invokeInNoTx(TransactionalInterceptorBase.java:344)
	at io.quarkus.narayana.jta.runtime.interceptor.TransactionalInterceptorNotSupported.doIntercept(TransactionalInterceptorNotSupported.java:39)
	at io.quarkus.narayana.jta.runtime.interceptor.TransactionalInterceptorBase.intercept(TransactionalInterceptorBase.java:61)
	at io.quarkus.narayana.jta.runtime.interceptor.TransactionalInterceptorNotSupported.intercept(TransactionalInterceptorNotSupported.java:26)
	at io.quarkus.narayana.jta.runtime.interceptor.TransactionalInterceptorNotSupported_Bean.intercept(Unknown Source)
	at io.quarkus.arc.impl.InterceptorInvocation.invoke(InterceptorInvocation.java:42)
	at io.quarkus.arc.impl.AroundInvokeInvocationContext.proceed(AroundInvokeInvocationContext.java:70)
	at io.quarkus.arc.impl.AroundInvokeInvocationContext.proceed(AroundInvokeInvocationContext.java:62)
	at io.quarkus.resteasy.reactive.server.runtime.StandardSecurityCheckInterceptor.intercept(StandardSecurityCheckInterceptor.java:44)
	at io.quarkus.resteasy.reactive.server.runtime.StandardSecurityCheckInterceptor_PermissionsAllowedInterceptor_Bean.intercept(Unknown Source)
	at io.quarkus.arc.impl.InterceptorInvocation.invoke(InterceptorInvocation.java:42)
	at io.quarkus.arc.impl.AroundInvokeInvocationContext.perform(AroundInvokeInvocationContext.java:30)
	at io.quarkus.arc.impl.InvocationContexts.performAroundInvoke(InvocationContexts.java:27)
	at org.tkit.onecx.welcome.bff.rs.controllers.ImagesRestController_Subclass.createImage(Unknown Source)
	at org.tkit.onecx.welcome.bff.rs.controllers.ImagesRestController_ClientProxy.createImage(Unknown Source)
	at gen.org.tkit.onecx.welcome.bff.rs.internal.ImagesInternalApiService$quarkusrestinvoker$createImage_13f35e69a99be3152531fc8b602d662840533c43.invoke(Unknown Source)
	at org.jboss.resteasy.reactive.server.handlers.InvocationHandler.handle(InvocationHandler.java:29)
	at io.quarkus.resteasy.reactive.server.runtime.QuarkusResteasyReactiveRequestContext.invokeHandler(QuarkusResteasyReactiveRequestContext.java:141)
	at org.jboss.resteasy.reactive.common.core.AbstractResteasyReactiveContext.run(AbstractResteasyReactiveContext.java:147)
	at io.quarkus.vertx.core.runtime.VertxCoreRecorder$14.runWith(VertxCoreRecorder.java:582)
	at org.jboss.threads.EnhancedQueueExecutor$Task.run(EnhancedQueueExecutor.java:2513)
	at org.jboss.threads.EnhancedQueueExecutor$ThreadBody.run(EnhancedQueueExecutor.java:1538)
	at org.jboss.threads.DelegatingRunnable.run(DelegatingRunnable.java:29)
	at org.jboss.threads.ThreadLocalResettingRunnable.run(ThreadLocalResettingRunnable.java:29)
	at io.netty.util.concurrent.FastThreadLocalRunnable.run(FastThreadLocalRunnable.java:30)
	at java.base/java.lang.Thread.run(Thread.java:1583)

2024-03-01 16:08:21,659 INFO  [org.tki.one.wel.bff.rs.con.ImagesRestController] (executor-thread-1) constraint(ResteasyReactiveViolationException:createImage.contentLength: must be less than or equal to 110000):Response:400 [0.001s]
2024-03-01 16:08:21,659 INFO  [org.tki.one.wel.bff.rs.con.ImagesRestController] (executor-thread-1) POST /images [400] [0.060s]
]]></system-out>
  </testcase>
  <testcase name="updateImageInfoByIdTest" classname="org.tkit.onecx.welcome.bff.rs.ImageRestControllerTest" time="1.153">
    <system-out><![CDATA[2024-03-01 16:08:22,803 INFO  [org.tki.qua.log.rs.RestClientLogInterceptor] (vert.x-eventloop-thread-5) POST http://172.17.0.1:32801/v1/permissions/user/applications/onecx-welcome-bff [200] [0.005s]
2024-03-01 16:08:22,821 INFO  [org.tki.qua.log.rs.RestClientLogInterceptor] (vert.x-eventloop-thread-5) PUT http://172.17.0.1:32801/internal/images/info/11-111 [201] [0.014s]
2024-03-01 16:08:22,822 INFO  [org.tki.one.wel.bff.rs.con.ImagesRestController] (executor-thread-1) updateImageInfo(11-111,class ImageInfoDTO {
    position: 1
    visible: null
    url: someUrl
    imageId: null
    id: null
    modificationCount: null
    creationDate: null
    creationUser: null
    modificationDate: null
    modificationUser: null
}):Response:201 [0.016s]
2024-03-01 16:08:22,822 INFO  [org.tki.one.wel.bff.rs.con.ImagesRestController] (executor-thread-1) PUT /images/info/11-111 [201] [0.017s]
]]></system-out>
  </testcase>
</testsuite>